TN:
SF:/home/erkki/paul/projects/joule/contracts/contracts/AgentWallet.sol
FN:76,constructor
FN:86,createWallet
FN:126,fundWallet
FN:137,freezeWallet
FN:143,unfreezeWallet
FN:152,updateLimits
FN:169,setWhitelist
FN:175,setWhitelistEnabled
FN:183,withdrawBalance
FN:201,agentSpend
FN:240,_resetCounters
FN:255,getRemainingDailyBudget
FN:262,getRemainingMonthlyBudget
FN:269,getWalletByAgent
FN:273,getOwnerWallets
FNF:15
FNH:6
FNDA:19,constructor
FNDA:4,createWallet
FNDA:4,fundWallet
FNDA:1,freezeWallet
FNDA:0,unfreezeWallet
FNDA:0,updateLimits
FNDA:0,setWhitelist
FNDA:0,setWhitelistEnabled
FNDA:0,withdrawBalance
FNDA:4,agentSpend
FNDA:2,_resetCounters
FNDA:0,getRemainingDailyBudget
FNDA:0,getRemainingMonthlyBudget
FNDA:0,getWalletByAgent
FNDA:0,getOwnerWallets
DA:77,19
DA:78,19
DA:92,4
DA:93,4
DA:94,4
DA:96,4
DA:97,4
DA:115,4
DA:116,4
DA:117,4
DA:119,4
DA:120,4
DA:127,4
DA:128,4
DA:129,4
DA:130,4
DA:131,4
DA:138,1
DA:139,1
DA:140,1
DA:144,0
DA:145,0
DA:146,0
DA:158,0
DA:159,0
DA:160,0
DA:161,0
DA:162,0
DA:163,0
DA:170,0
DA:171,0
DA:172,0
DA:176,0
DA:177,0
DA:184,0
DA:185,0
DA:186,0
DA:187,0
DA:188,0
DA:202,4
DA:203,4
DA:205,4
DA:206,4
DA:207,3
DA:208,3
DA:211,2
DA:212,0
DA:216,2
DA:219,2
DA:221,2
DA:224,2
DA:225,2
DA:226,2
DA:227,2
DA:228,2
DA:229,2
DA:230,2
DA:232,2
DA:235,2
DA:237,2
DA:242,2
DA:243,0
DA:244,0
DA:247,2
DA:248,0
DA:249,0
DA:256,0
DA:257,0
DA:258,0
DA:259,0
DA:263,0
DA:264,0
DA:265,0
DA:266,0
DA:270,0
DA:274,0
LF:76
LH:42
BRDA:92,1,0,4
BRDA:92,1,1,0
BRDA:93,2,0,4
BRDA:93,2,1,0
BRDA:94,3,0,4
BRDA:94,3,1,0
BRDA:126,4,0,4
BRDA:126,4,1,0
BRDA:128,5,0,4
BRDA:128,5,1,0
BRDA:130,6,0,4
BRDA:130,6,1,0
BRDA:138,7,0,1
BRDA:138,7,1,0
BRDA:144,8,0,0
BRDA:144,8,1,0
BRDA:158,9,0,0
BRDA:158,9,1,0
BRDA:170,10,0,0
BRDA:170,10,1,0
BRDA:176,11,0,0
BRDA:176,11,1,0
BRDA:183,12,0,0
BRDA:183,12,1,0
BRDA:185,13,0,0
BRDA:185,13,1,0
BRDA:186,14,0,0
BRDA:186,14,1,0
BRDA:188,15,0,0
BRDA:188,15,1,0
BRDA:201,16,0,4
BRDA:201,16,1,0
BRDA:203,17,0,4
BRDA:203,17,1,0
BRDA:206,18,0,3
BRDA:206,18,1,1
BRDA:207,19,0,3
BRDA:207,19,1,0
BRDA:208,20,0,2
BRDA:208,20,1,1
BRDA:211,21,0,0
BRDA:211,21,1,2
BRDA:212,22,0,0
BRDA:212,22,1,0
BRDA:219,23,0,2
BRDA:219,23,1,0
BRDA:221,24,0,2
BRDA:221,24,1,0
BRDA:232,25,0,2
BRDA:232,25,1,0
BRDA:242,26,0,0
BRDA:242,26,1,2
BRDA:247,27,0,0
BRDA:247,27,1,2
BRDA:257,28,0,0
BRDA:257,28,1,0
BRDA:258,29,0,0
BRDA:258,29,1,0
BRDA:264,30,0,0
BRDA:264,30,1,0
BRDA:265,31,0,0
BRDA:265,31,1,0
BRF:62
BRH:20
end_of_record
TN:
SF:/home/erkki/paul/projects/joule/contracts/contracts/BridgeLock.sol
FN:52,constructor
FN:59,lockJOL
FN:83,confirmUnlock
FN:115,_executeUnlock
FN:141,bridgeTVL
FNF:5
FNH:5
FNDA:57,constructor
FNDA:7,lockJOL
FNDA:64,confirmUnlock
FNDA:15,_executeUnlock
FNDA:5,bridgeTVL
DA:53,57
DA:60,7
DA:62,6
DA:63,6
DA:70,6
DA:72,6
DA:84,64
DA:86,58
DA:89,58
DA:90,22
DA:91,22
DA:92,22
DA:93,22
DA:96,36
DA:97,36
DA:98,36
DA:101,55
DA:102,54
DA:104,54
DA:105,54
DA:107,54
DA:110,54
DA:111,15
DA:116,15
DA:117,15
DA:118,15
DA:121,14
DA:122,2
DA:128,13
DA:129,13
DA:130,13
DA:132,13
DA:133,13
DA:135,13
DA:142,5
LF:35
LH:35
BRDA:59,1,0,7
BRDA:59,1,1,0
BRDA:60,2,0,6
BRDA:60,2,1,1
BRDA:83,3,0,64
BRDA:83,3,1,1
BRDA:84,4,0,58
BRDA:84,4,1,6
BRDA:89,5,0,22
BRDA:89,5,1,36
BRDA:98,6,0,33
BRDA:98,6,1,3
BRDA:101,7,0,54
BRDA:101,7,1,1
BRDA:102,8,0,54
BRDA:102,8,1,0
BRDA:110,9,0,15
BRDA:110,9,1,39
BRDA:117,10,0,15
BRDA:117,10,1,0
BRDA:118,11,0,14
BRDA:118,11,1,1
BRDA:121,12,0,2
BRDA:121,12,1,12
BRDA:122,13,0,1
BRDA:122,13,1,1
BRDA:133,14,0,13
BRDA:133,14,1,0
BRF:28
BRH:24
end_of_record
TN:
SF:/home/erkki/paul/projects/joule/contracts/contracts/CarbonCredit.sol
FN:65,constructor
FN:80,issueCredit
FN:118,retireCredit
FN:134,auditCredit
FN:144,_beforeTokenTransfer
FN:156,totalCO2OffsetTonnes
FN:163,getCreditDetails
FN:179,supportsInterface
FNF:8
FNH:4
FNDA:19,constructor
FNDA:2,issueCredit
FNDA:1,retireCredit
FNDA:0,auditCredit
FNDA:3,_beforeTokenTransfer
FNDA:0,totalCO2OffsetTonnes
FNDA:0,getCreditDetails
FNDA:0,supportsInterface
DA:66,19
DA:81,2
DA:82,2
DA:85,2
DA:87,2
DA:88,2
DA:103,2
DA:105,2
DA:106,2
DA:107,2
DA:109,2
DA:110,2
DA:119,1
DA:120,1
DA:122,1
DA:123,1
DA:128,1
DA:135,0
DA:136,0
DA:137,0
DA:138,0
DA:145,3
DA:146,3
DA:147,1
DA:157,0
DA:172,0
DA:173,0
DA:180,0
LF:28
LH:20
BRDA:80,1,0,2
BRDA:80,1,1,0
BRDA:81,2,0,2
BRDA:81,2,1,0
BRDA:82,3,0,2
BRDA:82,3,1,0
BRDA:119,4,0,1
BRDA:119,4,1,0
BRDA:120,5,0,1
BRDA:120,5,1,0
BRDA:134,6,0,0
BRDA:134,6,1,0
BRDA:135,7,0,0
BRDA:135,7,1,0
BRDA:146,8,0,1
BRDA:146,8,1,2
BRDA:147,9,0,0
BRDA:147,9,1,1
BRF:18
BRH:8
end_of_record
TN:
SF:/home/erkki/paul/projects/joule/contracts/contracts/ConflictScore.sol
FN:78,constructor
FN:89,reportViolation
FN:118,applyDecay
FN:122,_applyDecay
FN:152,getPenalty
FN:163,getLevel
FN:167,_getLevel
FN:179,getRewardMultiplier
FN:191,canGovernance
FN:199,canTrade
FNF:10
FNH:10
FNDA:87,constructor
FNDA:118,reportViolation
FNDA:6,applyDecay
FNDA:124,_applyDecay
FNDA:122,getPenalty
FNDA:190,getLevel
FNDA:196,_getLevel
FNDA:8,getRewardMultiplier
FNDA:5,canGovernance
FNDA:43,canTrade
DA:79,87
DA:91,118
DA:93,118
DA:94,118
DA:96,118
DA:99,118
DA:100,32
DA:103,118
DA:104,118
DA:105,118
DA:107,118
DA:108,29
DA:111,118
DA:119,6
DA:123,124
DA:124,124
DA:127,95
DA:129,94
DA:130,94
DA:131,94
DA:133,6
DA:134,6
DA:135,6
DA:137,6
DA:138,1
DA:139,1
DA:141,5
DA:144,6
DA:146,6
DA:153,122
DA:154,112
DA:155,107
DA:156,83
DA:157,0
DA:164,190
DA:168,196
DA:169,193
DA:170,179
DA:171,114
DA:172,54
DA:180,8
DA:181,8
DA:182,5
DA:183,3
DA:184,1
DA:192,5
DA:200,43
LF:47
LH:46
BRDA:89,1,0,118
BRDA:89,1,1,1
BRDA:99,2,0,32
BRDA:99,2,1,86
BRDA:107,3,0,29
BRDA:107,3,1,89
BRDA:124,4,0,29
BRDA:124,4,1,95
BRDA:124,5,0,29
BRDA:124,5,1,0
BRDA:127,6,0,1
BRDA:127,6,1,94
BRDA:131,7,0,88
BRDA:131,7,1,6
BRDA:134,8,0,1
BRDA:134,8,1,5
BRDA:137,9,0,1
BRDA:137,9,1,5
BRDA:153,10,0,10
BRDA:153,10,1,112
BRDA:154,11,0,5
BRDA:154,11,1,107
BRDA:155,12,0,24
BRDA:155,12,1,83
BRDA:156,13,0,83
BRDA:156,13,1,0
BRDA:168,14,0,3
BRDA:168,14,1,193
BRDA:169,15,0,14
BRDA:169,15,1,179
BRDA:170,16,0,65
BRDA:170,16,1,114
BRDA:171,17,0,60
BRDA:171,17,1,54
BRDA:181,18,0,3
BRDA:181,18,1,5
BRDA:182,19,0,2
BRDA:182,19,1,3
BRDA:183,20,0,2
BRDA:183,20,1,1
BRF:40
BRH:38
end_of_record
TN:
SF:/home/erkki/paul/projects/joule/contracts/contracts/DEXLiquidity.sol
FN:60,constructor
FN:70,poolAAllocation
FN:78,poolBAllocation
FN:89,setPoolAddresses
FN:102,provisionPoolA
FN:122,provisionPoolB
FN:141,emergencyWithdraw
FN:153,fullyProvisioned
FN:160,remainingBalance
FNF:9
FNH:9
FNDA:20,constructor
FNDA:8,poolAAllocation
FNDA:7,poolBAllocation
FNDA:2,setPoolAddresses
FNDA:7,provisionPoolA
FNDA:5,provisionPoolB
FNDA:2,emergencyWithdraw
FNDA:2,fullyProvisioned
FNDA:2,remainingBalance
DA:61,20
DA:62,20
DA:63,20
DA:71,8
DA:79,7
DA:90,2
DA:91,1
DA:92,1
DA:93,1
DA:94,1
DA:103,7
DA:104,6
DA:106,5
DA:107,5
DA:109,5
DA:110,5
DA:112,5
DA:114,5
DA:123,5
DA:124,4
DA:126,4
DA:127,4
DA:129,4
DA:130,4
DA:132,4
DA:134,4
DA:142,2
DA:143,1
DA:144,1
DA:146,1
DA:147,1
DA:154,2
DA:161,2
LF:33
LH:33
BRDA:89,1,0,2
BRDA:89,1,1,1
BRDA:90,2,0,1
BRDA:90,2,1,1
BRDA:102,3,0,7
BRDA:102,3,1,1
BRDA:103,4,0,6
BRDA:103,4,1,1
BRDA:104,5,0,5
BRDA:104,5,1,1
BRDA:107,6,0,5
BRDA:107,6,1,0
BRDA:122,7,0,5
BRDA:122,7,1,0
BRDA:123,8,0,4
BRDA:123,8,1,1
BRDA:124,9,0,4
BRDA:124,9,1,0
BRDA:127,10,0,4
BRDA:127,10,1,0
BRDA:141,11,0,2
BRDA:141,11,1,1
BRDA:142,12,0,1
BRDA:142,12,1,1
BRDA:144,13,0,1
BRDA:144,13,1,0
BRF:26
BRH:21
end_of_record
TN:
SF:/home/erkki/paul/projects/joule/contracts/contracts/EcosystemTreasury.sol
FN:78,constructor
FN:90,fundTreasury
FN:105,createBounty
FN:125,claimBounty
FN:137,payBounty
FN:154,cancelBounty
FN:167,executeSpend
FN:184,fundInsurance
FN:198,requestInsurancePayout
FN:218,executeInsurancePayout
FN:235,treasuryBalance
FN:239,remainingMintable
FN:243,getActiveBounties
FNF:13
FNH:13
FNDA:79,constructor
FNDA:59,fundTreasury
FNDA:20,createBounty
FNDA:11,claimBounty
FNDA:8,payBounty
FNDA:3,cancelBounty
FNDA:13,executeSpend
FNDA:25,fundInsurance
FNDA:13,requestInsurancePayout
FNDA:12,executeInsurancePayout
FNDA:5,treasuryBalance
FNDA:3,remainingMintable
FNDA:3,getActiveBounties
DA:79,79
DA:80,79
DA:91,59
DA:92,57
DA:93,57
DA:94,57
DA:106,20
DA:108,19
DA:109,19
DA:118,19
DA:119,19
DA:126,11
DA:127,11
DA:128,10
DA:130,9
DA:131,9
DA:138,8
DA:139,8
DA:140,7
DA:141,6
DA:143,5
DA:144,5
DA:145,5
DA:147,5
DA:148,5
DA:155,3
DA:168,13
DA:169,12
DA:171,12
DA:173,5
DA:174,5
DA:176,5
DA:185,25
DA:186,24
DA:187,23
DA:188,23
DA:199,13
DA:200,11
DA:202,10
DA:203,10
DA:211,10
DA:212,10
DA:219,12
DA:220,12
DA:221,11
DA:222,10
DA:223,3
DA:225,3
DA:226,3
DA:227,3
DA:229,3
DA:230,3
DA:236,5
DA:240,3
DA:244,3
DA:245,6
LF:56
LH:56
BRDA:90,1,0,59
BRDA:90,1,1,6
BRDA:91,2,0,57
BRDA:91,2,1,2
BRDA:105,3,0,20
BRDA:105,3,1,5
BRDA:106,4,0,19
BRDA:106,4,1,1
BRDA:127,5,0,10
BRDA:127,5,1,1
BRDA:128,6,0,9
BRDA:128,6,1,1
BRDA:137,7,0,8
BRDA:137,7,1,1
BRDA:137,8,0,8
BRDA:137,8,1,0
BRDA:139,9,0,7
BRDA:139,9,1,1
BRDA:140,10,0,6
BRDA:140,10,1,1
BRDA:141,11,0,5
BRDA:141,11,1,1
BRDA:147,12,0,5
BRDA:147,12,1,0
BRDA:154,13,0,3
BRDA:154,13,1,1
BRDA:167,14,0,13
BRDA:167,14,1,5
BRDA:167,15,0,13
BRDA:167,15,1,0
BRDA:168,16,0,12
BRDA:168,16,1,1
BRDA:171,17,0,5
BRDA:171,17,1,7
BRDA:174,18,0,5
BRDA:174,18,1,0
BRDA:184,19,0,25
BRDA:184,19,1,1
BRDA:185,20,0,24
BRDA:185,20,1,1
BRDA:186,21,0,23
BRDA:186,21,1,1
BRDA:198,22,0,13
BRDA:198,22,1,1
BRDA:199,23,0,11
BRDA:199,23,1,2
BRDA:200,24,0,10
BRDA:200,24,1,1
BRDA:218,25,0,12
BRDA:218,25,1,1
BRDA:218,26,0,12
BRDA:218,26,1,0
BRDA:220,27,0,11
BRDA:220,27,1,1
BRDA:221,28,0,10
BRDA:221,28,1,1
BRDA:222,29,0,3
BRDA:222,29,1,7
BRDA:223,30,0,3
BRDA:223,30,1,0
BRDA:229,31,0,3
BRDA:229,31,1,0
BRDA:245,32,0,5
BRDA:245,32,1,1
BRF:64
BRH:57
end_of_record
TN:
SF:/home/erkki/paul/projects/joule/contracts/contracts/EnergyMarketplace.sol
FN:46,constructor
FN:52,pause
FN:53,unpause
FN:63,createListing
FN:92,buy
FN:128,cancelListing
FN:138,getActiveListing
FNF:7
FNH:3
FNDA:19,constructor
FNDA:0,pause
FNDA:0,unpause
FNDA:2,createListing
FNDA:2,buy
FNDA:0,cancelListing
FNDA:0,getActiveListing
DA:47,19
DA:48,19
DA:49,19
DA:64,2
DA:65,2
DA:68,2
DA:69,2
DA:70,2
DA:73,2
DA:74,2
DA:85,2
DA:86,2
DA:93,2
DA:94,2
DA:95,2
DA:97,2
DA:100,2
DA:101,2
DA:104,2
DA:105,2
DA:106,2
DA:107,2
DA:108,2
DA:111,2
DA:115,2
DA:119,2
DA:121,2
DA:122,2
DA:129,0
DA:130,0
DA:131,0
DA:132,0
DA:133,0
DA:145,0
DA:146,0
DA:147,0
LF:36
LH:28
BRDA:52,1,0,0
BRDA:52,1,1,0
BRDA:53,2,0,0
BRDA:53,2,1,0
BRDA:63,3,0,2
BRDA:63,3,1,0
BRDA:64,4,0,2
BRDA:64,4,1,0
BRDA:65,5,0,2
BRDA:65,5,1,0
BRDA:68,6,0,2
BRDA:68,6,1,0
BRDA:70,7,0,2
BRDA:70,7,1,0
BRDA:92,8,0,2
BRDA:92,8,1,0
BRDA:92,9,0,2
BRDA:92,9,1,0
BRDA:94,10,0,2
BRDA:94,10,1,0
BRDA:95,11,0,2
BRDA:95,11,1,0
BRDA:105,12,0,0
BRDA:105,12,1,2
BRDA:111,13,0,2
BRDA:111,13,1,0
BRDA:115,14,0,2
BRDA:115,14,1,0
BRDA:130,15,0,0
BRDA:130,15,1,0
BRDA:131,16,0,0
BRDA:131,16,1,0
BRDA:146,17,0,0
BRDA:146,17,1,0
BRF:34
BRH:12
end_of_record
TN:
SF:/home/erkki/paul/projects/joule/contracts/contracts/EnergyPeg.sol
FN:82,constructor
FN:87,pause
FN:88,unpause
FN:95,registerProducer
FN:129,depositEnergy
FN:164,redeemForEnergy
FN:199,fulfillRedemption
FN:213,updatePrice
FN:225,floorPriceUSDCents
FN:232,backingRatio
FN:238,getProducerCount
FN:242,getUserTickets
FNF:12
FNH:4
FNDA:80,constructor
FNDA:0,pause
FNDA:0,unpause
FNDA:46,registerProducer
FNDA:6,depositEnergy
FNDA:0,redeemForEnergy
FNDA:0,fulfillRedemption
FNDA:0,updatePrice
FNDA:1,floorPriceUSDCents
FNDA:0,backingRatio
FNDA:0,getProducerCount
FNDA:0,getUserTickets
DA:83,80
DA:84,80
DA:100,46
DA:102,46
DA:112,46
DA:114,46
DA:130,6
DA:131,6
DA:134,6
DA:135,6
DA:138,6
DA:139,6
DA:142,6
DA:143,6
DA:146,6
DA:148,6
DA:165,0
DA:166,0
DA:167,0
DA:169,0
DA:172,0
DA:173,0
DA:174,0
DA:175,0
DA:178,0
DA:181,0
DA:182,0
DA:190,0
DA:192,0
DA:193,0
DA:200,0
DA:201,0
DA:202,0
DA:204,0
DA:205,0
DA:214,0
DA:215,0
DA:216,0
DA:217,0
DA:226,1
DA:233,0
DA:234,0
DA:235,0
DA:239,0
DA:243,0
LF:45
LH:17
BRDA:87,1,0,0
BRDA:87,1,1,0
BRDA:88,2,0,0
BRDA:88,2,1,0
BRDA:100,3,0,46
BRDA:100,3,1,0
BRDA:129,4,0,6
BRDA:129,4,1,0
BRDA:129,5,0,6
BRDA:129,5,1,0
BRDA:130,6,0,6
BRDA:130,6,1,0
BRDA:131,7,0,6
BRDA:131,7,1,0
BRDA:135,8,0,6
BRDA:135,8,1,0
BRDA:164,9,0,0
BRDA:164,9,1,0
BRDA:164,10,0,0
BRDA:164,10,1,0
BRDA:165,11,0,0
BRDA:165,11,1,0
BRDA:166,12,0,0
BRDA:166,12,1,0
BRDA:167,13,0,0
BRDA:167,13,1,0
BRDA:201,14,0,0
BRDA:201,14,1,0
BRDA:202,15,0,0
BRDA:202,15,1,0
BRDA:213,16,0,0
BRDA:213,16,1,0
BRDA:214,17,0,0
BRDA:214,17,1,0
BRDA:234,18,0,0
BRDA:234,18,1,0
BRF:36
BRH:6
end_of_record
TN:
SF:/home/erkki/paul/projects/joule/contracts/contracts/EnergyProofEngine.sol
FN:80,constructor
FN:104,pause
FN:105,unpause
FN:121,processReport
FN:240,_reject
FN:253,_getReport
FN:273,isProcessed
FN:288,preflightCheck
FN:310,engineStats
FNF:9
FNH:8
FNDA:40,constructor
FNDA:1,pause
FNDA:0,unpause
FNDA:9,processReport
FNDA:3,_reject
FNDA:5,_getReport
FNDA:3,isProcessed
FNDA:2,preflightCheck
FNDA:2,engineStats
DA:92,40
DA:93,40
DA:94,40
DA:95,40
DA:96,40
DA:97,40
DA:98,40
DA:99,40
DA:100,40
DA:101,40
DA:123,9
DA:128,9
DA:131,5
DA:141,5
DA:142,3
DA:143,3
DA:146,3
DA:147,3
DA:152,3
DA:153,3
DA:154,0
DA:155,0
DA:161,3
DA:162,3
DA:163,3
DA:164,0
DA:165,0
DA:177,3
DA:178,3
DA:179,3
DA:181,0
DA:182,0
DA:183,0
DA:189,0
DA:190,0
DA:191,0
DA:192,0
DA:200,0
DA:201,0
DA:202,0
DA:206,0
DA:209,0
DA:212,0
DA:215,0
DA:216,0
DA:217,0
DA:220,0
DA:223,0
DA:226,0
DA:227,0
DA:229,0
DA:247,3
DA:248,3
DA:249,3
DA:250,3
DA:264,5
DA:278,3
DA:281,3
DA:297,2
DA:298,2
DA:299,2
DA:300,2
DA:301,2
DA:302,2
DA:303,2
DA:304,2
DA:315,2
LF:67
LH:42
BRDA:104,1,0,1
BRDA:104,1,1,0
BRDA:105,2,0,0
BRDA:105,2,1,0
BRDA:121,3,0,13
BRDA:121,3,1,0
BRDA:121,4,0,12
BRDA:121,4,1,1
BRDA:121,5,0,9
BRDA:121,5,1,3
BRDA:128,6,0,5
BRDA:128,6,1,4
BRDA:141,7,0,3
BRDA:141,7,1,2
BRDA:142,8,0,3
BRDA:142,8,1,0
BRDA:143,9,0,3
BRDA:143,9,1,0
BRDA:147,10,0,3
BRDA:147,10,1,0
BRDA:153,11,0,0
BRDA:153,11,1,3
BRDA:163,12,0,0
BRDA:163,12,1,3
BRDA:177,13,0,3
BRDA:177,13,1,0
BRDA:181,14,0,0
BRDA:181,14,1,0
BRDA:190,15,0,0
BRDA:190,15,1,0
BRDA:202,16,0,0
BRDA:202,16,1,0
BRF:32
BRH:16
end_of_record
TN:
SF:/home/erkki/paul/projects/joule/contracts/contracts/EnergyRegistry.sol
FN:54,constructor
FN:61,registerFacility
FN:101,verifyFacility
FN:122,recordProduction
FN:143,suspendFacility
FN:153,deregisterFacility
FN:164,getFacilityIds
FN:171,isActive
FN:178,facilityOwner
FNF:9
FNH:7
FNDA:231,constructor
FNDA:145,registerFacility
FNDA:131,verifyFacility
FNDA:21,recordProduction
FNDA:0,suspendFacility
FNDA:4,deregisterFacility
FNDA:0,getFacilityIds
FNDA:74,isActive
FNDA:69,facilityOwner
DA:55,231
DA:69,145
DA:70,144
DA:71,144
DA:73,138
DA:74,138
DA:90,138
DA:91,138
DA:92,138
DA:94,138
DA:95,138
DA:102,131
DA:103,131
DA:104,131
DA:106,131
DA:107,131
DA:108,131
DA:109,131
DA:111,131
DA:123,21
DA:124,21
DA:125,21
DA:126,21
DA:130,21
DA:131,21
DA:133,20
DA:134,20
DA:135,20
DA:137,20
DA:144,0
DA:145,0
DA:146,0
DA:147,0
DA:154,4
DA:155,4
DA:156,3
DA:157,3
DA:158,3
DA:165,0
DA:172,74
DA:179,69
LF:41
LH:36
BRDA:69,1,0,144
BRDA:69,1,1,1
BRDA:70,2,0,144
BRDA:70,2,1,0
BRDA:71,3,0,138
BRDA:71,3,1,6
BRDA:101,4,0,131
BRDA:101,4,1,1
BRDA:103,5,0,131
BRDA:103,5,1,0
BRDA:104,6,0,131
BRDA:104,6,1,0
BRDA:122,7,0,21
BRDA:122,7,1,0
BRDA:124,8,0,21
BRDA:124,8,1,0
BRDA:125,9,0,21
BRDA:125,9,1,0
BRDA:126,10,0,21
BRDA:126,10,1,0
BRDA:131,11,0,20
BRDA:131,11,1,1
BRDA:143,12,0,0
BRDA:143,12,1,0
BRDA:145,13,0,0
BRDA:145,13,1,0
BRDA:155,14,0,3
BRDA:155,14,1,1
BRDA:156,15,0,3
BRDA:156,15,1,0
BRF:30
BRH:18
end_of_record
TN:
SF:/home/erkki/paul/projects/joule/contracts/contracts/FounderSellLimit.sol
FN:36,constructor
FN:45,updateDailyVolume
FN:58,sell
FN:82,getDailyLimit
FN:96,remainingToday
FN:107,soldToday
FNF:6
FNH:6
FNDA:13,constructor
FNDA:14,updateDailyVolume
FNDA:12,sell
FNDA:16,getDailyLimit
FNDA:2,remainingToday
FNDA:1,soldToday
DA:37,13
DA:38,13
DA:39,13
DA:46,14
DA:47,13
DA:48,13
DA:49,13
DA:59,12
DA:61,11
DA:62,11
DA:64,11
DA:65,11
DA:66,3
DA:67,3
DA:70,8
DA:73,8
DA:75,8
DA:83,16
DA:84,16
DA:86,1
DA:87,1
DA:90,16
DA:97,2
DA:98,2
DA:99,2
DA:100,2
DA:101,0
DA:108,1
DA:109,1
LF:29
LH:28
BRDA:46,1,0,13
BRDA:46,1,1,1
BRDA:59,2,0,11
BRDA:59,2,1,1
BRDA:65,3,0,3
BRDA:65,3,1,8
BRDA:84,4,0,1
BRDA:84,4,1,15
BRDA:86,5,0,1
BRDA:86,5,1,0
BRDA:100,6,0,2
BRDA:100,6,1,0
BRF:12
BRH:10
end_of_record
TN:
SF:/home/erkki/paul/projects/joule/contracts/contracts/FoundersVesting.sol
FN:40,constructor
FN:49,_vestingSchedule
FNF:2
FNH:2
FNDA:16,constructor
FNDA:13,_vestingSchedule
DA:42,16
DA:55,13
DA:56,13
DA:58,13
DA:59,4
DA:63,9
LF:6
LH:6
BRDA:58,1,0,4
BRDA:58,1,1,9
BRF:2
BRH:2
end_of_record
TN:
SF:/home/erkki/paul/projects/joule/contracts/contracts/Governance.sol
FN:56,constructor
FN:64,propose
FN:98,vote
FN:127,finalize
FN:149,execute
FN:170,cancel
FN:183,getProposalVotes
FN:187,hasVoted
FNF:8
FNH:7
FNDA:88,constructor
FNDA:34,propose
FNDA:34,vote
FNDA:9,finalize
FNDA:8,execute
FNDA:7,cancel
FNDA:3,getProposalVotes
FNDA:0,hasVoted
DA:57,88
DA:58,88
DA:70,34
DA:74,27
DA:75,27
DA:77,24
DA:78,24
DA:79,24
DA:80,24
DA:81,24
DA:82,24
DA:83,24
DA:85,24
DA:86,24
DA:87,24
DA:88,24
DA:89,24
DA:91,24
DA:92,24
DA:99,34
DA:100,34
DA:101,34
DA:102,33
DA:106,27
DA:107,27
DA:110,24
DA:111,24
DA:113,24
DA:115,24
DA:116,21
DA:118,3
DA:121,24
DA:128,9
DA:129,9
DA:130,9
DA:133,9
DA:134,9
DA:136,9
DA:137,8
DA:138,8
DA:140,1
DA:143,9
DA:150,8
DA:151,8
DA:152,7
DA:154,2
DA:157,2
DA:158,0
DA:159,0
DA:160,0
DA:164,2
DA:171,7
DA:172,7
DA:176,2
DA:177,2
DA:178,2
DA:184,3
DA:188,0
LF:58
LH:54
BRDA:70,1,0,27
BRDA:70,1,1,7
BRDA:74,2,0,27
BRDA:74,2,1,0
BRDA:75,3,0,24
BRDA:75,3,1,3
BRDA:100,4,0,34
BRDA:100,4,1,0
BRDA:101,5,0,33
BRDA:101,5,1,1
BRDA:102,6,0,27
BRDA:102,6,1,6
BRDA:107,7,0,24
BRDA:107,7,1,3
BRDA:111,8,0,24
BRDA:111,8,1,0
BRDA:115,9,0,21
BRDA:115,9,1,3
BRDA:129,10,0,9
BRDA:129,10,1,0
BRDA:130,11,0,9
BRDA:130,11,1,0
BRDA:136,12,0,8
BRDA:136,12,1,1
BRDA:149,13,0,8
BRDA:149,13,1,0
BRDA:151,14,0,7
BRDA:151,14,1,1
BRDA:152,15,0,2
BRDA:152,15,1,5
BRDA:159,16,0,0
BRDA:159,16,1,0
BRDA:172,17,0,2
BRDA:172,17,1,5
BRDA:173,18,0,1
BRDA:173,18,1,1
BRDA:176,19,0,2
BRDA:176,19,1,0
BRF:38
BRH:29
end_of_record
TN:
SF:/home/erkki/paul/projects/joule/contracts/contracts/JOLToken.sol
FN:36,constructor
FN:46,renounceAdmin
FN:53,mint
FN:66,mintFor
FN:75,burn
FN:88,protocolBurn
FN:104,remainingSupply
FN:111,circulatingSupply
FN:117,_afterTokenTransfer
FN:125,_mint
FN:129,_burn
FNF:11
FNH:8
FNDA:384,constructor
FNDA:0,renounceAdmin
FNDA:509,mint
FNDA:0,mintFor
FNDA:7,burn
FNDA:1,protocolBurn
FNDA:5,remainingSupply
FNDA:0,circulatingSupply
FNDA:780,_afterTokenTransfer
FNDA:503,_mint
FNDA:8,_burn
DA:37,384
DA:47,0
DA:54,509
DA:55,503
DA:56,503
DA:67,0
DA:68,0
DA:69,0
DA:76,7
DA:77,7
DA:78,7
DA:89,1
DA:90,1
DA:92,1
DA:93,1
DA:98,1
DA:105,5
DA:112,0
DA:122,780
DA:126,503
DA:130,8
LF:21
LH:16
BRDA:46,1,0,0
BRDA:46,1,1,0
BRDA:53,2,0,509
BRDA:53,2,1,1
BRDA:54,3,0,503
BRDA:54,3,1,6
BRDA:66,4,0,0
BRDA:66,4,1,0
BRDA:67,5,0,0
BRDA:67,5,1,0
BRDA:88,6,0,1
BRDA:88,6,1,0
BRDA:93,7,0,1
BRDA:93,7,1,0
BRDA:94,8,0,0
BRDA:94,8,1,0
BRDA:95,9,0,0
BRDA:95,9,1,0
BRDA:96,10,0,0
BRDA:96,10,1,0
BRF:20
BRH:6
end_of_record
TN:
SF:/home/erkki/paul/projects/joule/contracts/contracts/LiquidityMining.sol
FN:70,constructor
FN:79,setLPTokens
FN:89,isActive
FN:96,isEarlyBird
FN:103,currentDay
FN:116,stakeLiquidity
FN:150,unstakeLiquidity
FN:180,claimRewards
FN:201,_calculateRewards
FN:239,pendingRewards
FN:243,_distributeReward
FN:252,getPositionIds
FN:259,programStats
FNF:13
FNH:12
FNDA:25,constructor
FNDA:25,setLPTokens
FNDA:20,isActive
FNDA:2,isEarlyBird
FNDA:34,currentDay
FNDA:17,stakeLiquidity
FNDA:2,unstakeLiquidity
FNDA:4,claimRewards
FNDA:10,_calculateRewards
FNDA:5,pendingRewards
FNDA:4,_distributeReward
FNDA:0,getPositionIds
FNDA:1,programStats
DA:71,25
DA:72,25
DA:73,25
DA:80,25
DA:81,25
DA:82,25
DA:83,25
DA:90,20
DA:97,2
DA:104,34
DA:105,34
DA:106,34
DA:107,34
DA:108,34
DA:117,17
DA:118,16
DA:119,15
DA:122,14
DA:123,14
DA:124,14
DA:126,14
DA:127,14
DA:129,14
DA:139,14
DA:140,14
DA:141,14
DA:142,14
DA:144,14
DA:151,2
DA:152,2
DA:153,1
DA:156,1
DA:157,1
DA:158,1
DA:159,1
DA:162,1
DA:163,1
DA:164,1
DA:165,1
DA:168,1
DA:169,1
DA:171,1
DA:172,1
DA:173,1
DA:181,4
DA:182,4
DA:183,4
DA:185,4
DA:186,4
DA:188,3
DA:189,3
DA:190,3
DA:192,3
DA:194,3
DA:202,10
DA:203,10
DA:205,10
DA:206,10
DA:207,9
DA:209,9
DA:211,9
DA:212,38
DA:213,38
DA:216,38
DA:219,38
DA:222,38
DA:223,36
DA:226,38
DA:230,9
DA:231,9
DA:233,9
DA:240,5
DA:244,4
DA:245,4
DA:246,4
DA:253,0
DA:267,1
LF:77
LH:76
BRDA:79,1,0,25
BRDA:79,1,1,0
BRDA:80,2,0,25
BRDA:80,2,1,0
BRDA:81,3,0,25
BRDA:81,3,1,0
BRDA:104,4,0,0
BRDA:104,4,1,34
BRDA:107,5,0,0
BRDA:107,5,1,34
BRDA:117,6,0,16
BRDA:117,6,1,1
BRDA:118,7,0,15
BRDA:118,7,1,1
BRDA:119,8,0,14
BRDA:119,8,1,1
BRDA:122,9,0,12
BRDA:122,9,1,2
BRDA:123,10,0,14
BRDA:123,10,1,0
BRDA:124,11,0,14
BRDA:124,11,1,0
BRDA:152,12,0,1
BRDA:152,12,1,1
BRDA:153,13,0,1
BRDA:153,13,1,0
BRDA:157,14,0,1
BRDA:157,14,1,0
BRDA:168,15,0,1
BRDA:168,15,1,0
BRDA:169,16,0,1
BRDA:169,16,1,0
BRDA:172,17,0,1
BRDA:172,17,1,0
BRDA:182,18,0,4
BRDA:182,18,1,0
BRDA:183,19,0,4
BRDA:183,19,1,0
BRDA:186,20,0,3
BRDA:186,20,1,1
BRDA:203,21,0,0
BRDA:203,21,1,10
BRDA:206,22,0,1
BRDA:206,22,1,9
BRDA:207,23,0,0
BRDA:207,23,1,9
BRDA:213,24,0,38
BRDA:213,24,1,0
BRDA:222,25,0,36
BRDA:222,25,1,2
BRDA:231,26,0,0
BRDA:231,26,1,9
BRDA:244,27,0,0
BRDA:244,27,1,4
BRF:54
BRH:35
end_of_record
TN:
SF:/home/erkki/paul/projects/joule/contracts/contracts/MachineRegistry.sol
FN:77,constructor
FN:84,registerMachine
FN:127,verifyMachine
FN:146,recordTransaction
FN:169,recordEnergy
FN:178,updateFirmware
FN:188,suspendMachine
FN:195,isVerified
FN:200,getReputation
FN:206,getMachinesByOwner
FN:213,getDID
FN:222,_toHexString
FNF:12
FNH:6
FNDA:19,constructor
FNDA:1,registerMachine
FNDA:1,verifyMachine
FNDA:2,recordTransaction
FNDA:0,recordEnergy
FNDA:0,updateFirmware
FNDA:0,suspendMachine
FNDA:1,isVerified
FNDA:1,getReputation
FNDA:0,getMachinesByOwner
FNDA:0,getDID
FNDA:0,_toHexString
DA:78,19
DA:93,1
DA:94,1
DA:96,1
DA:97,1
DA:116,1
DA:117,1
DA:118,1
DA:120,1
DA:121,1
DA:128,1
DA:129,1
DA:130,1
DA:132,1
DA:133,1
DA:134,1
DA:136,1
DA:147,2
DA:148,2
DA:150,0
DA:151,0
DA:152,0
DA:153,0
DA:155,0
DA:158,0
DA:159,0
DA:162,0
DA:163,0
DA:170,0
DA:171,0
DA:172,0
DA:179,0
DA:180,0
DA:181,0
DA:182,0
DA:189,0
DA:190,0
DA:196,1
DA:197,1
DA:201,1
DA:202,1
DA:203,1
DA:207,0
DA:214,0
DA:216,0
DA:223,0
DA:224,0
DA:225,0
DA:226,0
DA:227,0
DA:228,0
DA:229,0
DA:230,0
DA:232,0
LF:54
LH:24
BRDA:93,1,0,1
BRDA:93,1,1,0
BRDA:94,2,0,1
BRDA:94,2,1,0
BRDA:127,3,0,1
BRDA:127,3,1,0
BRDA:129,4,0,1
BRDA:129,4,1,0
BRDA:130,5,0,1
BRDA:130,5,1,0
BRDA:146,6,0,2
BRDA:146,6,1,0
BRDA:148,7,0,2
BRDA:148,7,1,0
BRDA:152,8,0,0
BRDA:152,8,1,0
BRDA:158,9,0,0
BRDA:158,9,1,0
BRDA:169,10,0,0
BRDA:169,10,1,0
BRDA:171,11,0,0
BRDA:171,11,1,0
BRDA:180,12,0,0
BRDA:180,12,1,0
BRDA:188,13,0,0
BRDA:188,13,1,0
BRDA:202,14,0,0
BRDA:202,14,1,1
BRDA:214,15,0,0
BRDA:214,15,1,0
BRF:30
BRH:8
end_of_record
TN:
SF:/home/erkki/paul/projects/joule/contracts/contracts/OracleConsensus.sol
FN:85,constructor
FN:92,pause
FN:93,unpause
FN:95,setQuorum
FN:105,setPoEMining
FN:114,joinAsOracle
FN:140,exitOracle
FN:177,submitReport
FN:219,_finalizeReport
FN:275,_slashOracle
FN:298,_sortArray
FN:312,_percentDeviation
FN:320,getActiveOracleCount
FN:328,getReportVoters
FN:332,getReportSubmissions
FN:343,cleanupPendingReports
FN:373,getPendingReportCount
FNF:17
FNH:14
FNDA:108,constructor
FNDA:3,pause
FNDA:1,unpause
FNDA:19,setQuorum
FNDA:91,setPoEMining
FNDA:147,joinAsOracle
FNDA:5,exitOracle
FNDA:80,submitReport
FNDA:18,_finalizeReport
FNDA:6,_slashOracle
FNDA:18,_sortArray
FNDA:45,_percentDeviation
FNDA:1,getActiveOracleCount
FNDA:1,getReportVoters
FNDA:0,getReportSubmissions
FNDA:0,cleanupPendingReports
FNDA:0,getPendingReportCount
DA:86,108
DA:87,108
DA:88,108
DA:89,108
DA:96,19
DA:97,17
DA:98,15
DA:99,13
DA:100,12
DA:101,12
DA:102,12
DA:106,91
DA:115,147
DA:116,146
DA:119,145
DA:121,145
DA:131,145
DA:132,145
DA:134,145
DA:141,5
DA:142,5
DA:143,4
DA:145,2
DA:146,2
DA:147,2
DA:148,2
DA:151,2
DA:153,2
DA:178,80
DA:179,72
DA:181,71
DA:185,71
DA:188,71
DA:189,27
DA:190,27
DA:191,27
DA:192,27
DA:193,27
DA:196,71
DA:197,68
DA:200,63
DA:201,45
DA:204,54
DA:205,54
DA:206,54
DA:207,54
DA:209,54
DA:212,54
DA:213,18
DA:220,18
DA:221,18
DA:222,18
DA:225,18
DA:226,18
DA:228,18
DA:229,18
DA:230,18
DA:234,18
DA:235,18
DA:236,18
DA:237,18
DA:238,45
DA:240,18
DA:241,1
DA:242,1
DA:247,18
DA:248,45
DA:249,45
DA:251,45
DA:253,6
DA:255,39
DA:260,18
DA:268,18
DA:269,18
DA:272,18
DA:276,6
DA:277,6
DA:279,6
DA:280,6
DA:281,6
DA:284,6
DA:285,6
DA:288,6
DA:291,6
DA:292,2
DA:299,18
DA:300,18
DA:302,18
DA:303,45
DA:304,36
DA:305,11
DA:309,18
DA:313,45
DA:314,45
DA:315,39
DA:321,1
DA:322,1
DA:323,1
DA:325,1
DA:329,1
DA:333,0
DA:344,0
DA:345,0
DA:347,0
DA:348,0
DA:351,0
DA:352,0
DA:353,0
DA:354,0
DA:355,0
DA:357,0
DA:362,0
DA:364,0
DA:365,0
DA:367,0
DA:369,0
DA:374,0
LF:117
LH:100
BRDA:92,1,0,3
BRDA:92,1,1,1
BRDA:93,2,0,1
BRDA:93,2,1,1
BRDA:95,3,0,19
BRDA:95,3,1,2
BRDA:96,4,0,17
BRDA:96,4,1,2
BRDA:97,5,0,15
BRDA:97,5,1,2
BRDA:98,6,0,13
BRDA:98,6,1,2
BRDA:99,7,0,12
BRDA:99,7,1,1
BRDA:105,8,0,91
BRDA:105,8,1,1
BRDA:114,9,0,147
BRDA:114,9,1,1
BRDA:115,10,0,146
BRDA:115,10,1,1
BRDA:116,11,0,145
BRDA:116,11,1,1
BRDA:119,12,0,145
BRDA:119,12,1,0
BRDA:140,13,0,5
BRDA:140,13,1,0
BRDA:142,14,0,4
BRDA:142,14,1,1
BRDA:143,15,0,2
BRDA:143,15,1,2
BRDA:151,16,0,2
BRDA:151,16,1,0
BRDA:177,17,0,80
BRDA:177,17,1,1
BRDA:178,18,0,72
BRDA:178,18,1,8
BRDA:179,19,0,71
BRDA:179,19,1,1
BRDA:188,20,0,27
BRDA:188,20,1,44
BRDA:196,21,0,68
BRDA:196,21,1,3
BRDA:197,22,0,63
BRDA:197,22,1,5
BRDA:201,23,0,36
BRDA:201,23,1,9
BRDA:212,24,0,18
BRDA:212,24,1,36
BRDA:221,25,0,18
BRDA:221,25,1,0
BRDA:222,26,0,18
BRDA:222,26,1,0
BRDA:234,27,0,18
BRDA:234,27,1,0
BRDA:238,28,0,42
BRDA:238,28,1,3
BRDA:240,29,0,1
BRDA:240,29,1,17
BRDA:251,30,0,6
BRDA:251,30,1,39
BRDA:268,31,0,18
BRDA:268,31,1,0
BRDA:284,32,0,6
BRDA:284,32,1,0
BRDA:291,33,0,2
BRDA:291,33,1,4
BRDA:304,34,0,11
BRDA:304,34,1,25
BRDA:313,35,0,0
BRDA:313,35,1,45
BRDA:313,36,0,0
BRDA:313,36,1,0
BRDA:314,37,0,6
BRDA:314,37,1,39
BRDA:323,38,0,1
BRDA:323,38,1,0
BRDA:345,39,0,0
BRDA:345,39,1,0
BRDA:345,40,0,0
BRDA:345,40,1,0
BRDA:348,41,0,0
BRDA:348,41,1,0
BRDA:353,42,0,0
BRDA:353,42,1,0
BRDA:354,43,0,0
BRDA:354,43,1,0
BRDA:362,44,0,0
BRDA:362,44,1,0
BRF:88
BRH:64
end_of_record
TN:
SF:/home/erkki/paul/projects/joule/contracts/contracts/PaymentChannel.sol
FN:58,constructor
FN:63,pause
FN:64,unpause
FN:76,openChannel
FN:118,closeChannel
FN:159,expireChannel
FN:178,extendChannel
FN:188,topUpChannel
FN:198,getChannelsByPair
FN:217,getMessageHash
FNF:10
FNH:4
FNDA:19,constructor
FNDA:0,pause
FNDA:0,unpause
FNDA:1,openChannel
FNDA:1,closeChannel
FNDA:0,expireChannel
FNDA:0,extendChannel
FNDA:0,topUpChannel
FNDA:0,getChannelsByPair
FNDA:1,getMessageHash
DA:59,19
DA:60,19
DA:77,1
DA:78,1
DA:79,1
DA:82,1
DA:83,1
DA:94,1
DA:95,1
DA:96,1
DA:99,1
DA:101,1
DA:102,1
DA:119,1
DA:120,1
DA:121,1
DA:122,1
DA:125,1
DA:130,1
DA:131,1
DA:132,1
DA:135,1
DA:136,1
DA:137,1
DA:140,1
DA:141,1
DA:145,1
DA:146,1
DA:147,1
DA:150,1
DA:151,1
DA:153,1
DA:160,0
DA:161,0
DA:162,0
DA:163,0
DA:165,0
DA:166,0
DA:169,0
DA:171,0
DA:172,0
DA:179,0
DA:180,0
DA:181,0
DA:182,0
DA:189,0
DA:190,0
DA:191,0
DA:192,0
DA:193,0
DA:199,0
DA:200,0
DA:201,0
DA:202,0
DA:204,0
DA:205,0
DA:206,0
DA:207,0
DA:208,0
DA:211,0
DA:218,1
LF:61
LH:33
BRDA:63,1,0,0
BRDA:63,1,1,0
BRDA:64,2,0,0
BRDA:64,2,1,0
BRDA:76,3,0,1
BRDA:76,3,1,0
BRDA:76,4,0,1
BRDA:76,4,1,0
BRDA:77,5,0,1
BRDA:77,5,1,0
BRDA:78,6,0,1
BRDA:78,6,1,0
BRDA:79,7,0,1
BRDA:79,7,1,0
BRDA:99,8,0,1
BRDA:99,8,1,0
BRDA:118,9,0,1
BRDA:118,9,1,0
BRDA:120,10,0,1
BRDA:120,10,1,0
BRDA:121,11,0,1
BRDA:121,11,1,0
BRDA:122,12,0,1
BRDA:122,12,1,0
BRDA:132,13,0,1
BRDA:132,13,1,0
BRDA:140,14,0,1
BRDA:140,14,1,0
BRDA:141,15,0,1
BRDA:141,15,1,0
BRDA:146,16,0,1
BRDA:146,16,1,0
BRDA:147,17,0,1
BRDA:147,17,1,0
BRDA:159,18,0,0
BRDA:159,18,1,0
BRDA:161,19,0,0
BRDA:161,19,1,0
BRDA:162,20,0,0
BRDA:162,20,1,0
BRDA:163,21,0,0
BRDA:163,21,1,0
BRDA:169,22,0,0
BRDA:169,22,1,0
BRDA:180,23,0,0
BRDA:180,23,1,0
BRDA:181,24,0,0
BRDA:181,24,1,0
BRDA:188,25,0,0
BRDA:188,25,1,0
BRDA:190,26,0,0
BRDA:190,26,1,0
BRDA:191,27,0,0
BRDA:191,27,1,0
BRDA:193,28,0,0
BRDA:193,28,1,0
BRDA:202,29,0,0
BRDA:202,29,1,0
BRDA:207,30,0,0
BRDA:207,30,1,0
BRF:60
BRH:15
end_of_record
TN:
SF:/home/erkki/paul/projects/joule/contracts/contracts/PhysicalCap.sol
FN:51,constructor
FN:60,maxDailyOutput
FN:97,verifyProduction
FN:118,getSolarPeak
FN:145,getTechEfficiency
FNF:5
FNH:5
FNDA:81,constructor
FNDA:54,maxDailyOutput
FNDA:37,verifyProduction
FNDA:75,getSolarPeak
FNDA:57,getTechEfficiency
DA:52,81
DA:61,54
DA:77,54
DA:79,53
DA:80,53
DA:85,53
DA:88,53
DA:101,37
DA:103,37
DA:104,28
DA:105,28
DA:107,9
DA:108,9
DA:120,75
DA:121,75
DA:122,63
DA:124,12
DA:127,75
DA:128,11
DA:130,1
DA:132,3
DA:134,58
DA:136,2
DA:148,57
DA:149,38
DA:151,11
DA:153,5
DA:155,3
DA:157,0
LF:29
LH:28
BRDA:77,1,0,53
BRDA:77,1,1,1
BRDA:103,2,0,28
BRDA:103,2,1,9
BRDA:121,3,0,63
BRDA:121,3,1,12
BRDA:127,4,0,11
BRDA:127,4,1,64
BRDA:129,5,0,1
BRDA:129,5,1,63
BRDA:131,6,0,3
BRDA:131,6,1,60
BRDA:133,7,0,58
BRDA:133,7,1,2
BRDA:148,8,0,38
BRDA:148,8,1,19
BRDA:150,9,0,11
BRDA:150,9,1,8
BRDA:152,10,0,5
BRDA:152,10,1,3
BRDA:154,11,0,3
BRDA:154,11,1,0
BRF:22
BRH:21
end_of_record
TN:
SF:/home/erkki/paul/projects/joule/contracts/contracts/PoEMining.sol
FN:51,constructor
FN:67,getJolPerKWh
FN:80,accrueReward
FN:118,claimRewards
FN:132,claimOracleEarnings
FN:143,getClaimable
FNF:6
FNH:5
FNDA:159,constructor
FNDA:29,getJolPerKWh
FNDA:28,accrueReward
FNDA:3,claimRewards
FNDA:0,claimOracleEarnings
FNDA:4,getClaimable
DA:56,159
DA:57,159
DA:58,159
DA:59,159
DA:68,29
DA:81,28
DA:84,28
DA:85,28
DA:90,28
DA:91,28
DA:93,28
DA:94,28
DA:99,28
DA:102,28
DA:103,28
DA:106,28
DA:107,28
DA:109,28
DA:110,28
DA:112,28
DA:119,3
DA:120,3
DA:122,3
DA:123,3
DA:125,3
DA:126,2
DA:133,0
DA:134,0
DA:136,0
DA:137,0
DA:138,0
DA:144,4
LF:32
LH:27
BRDA:80,1,0,28
BRDA:80,1,1,0
BRDA:81,2,0,28
BRDA:81,2,1,0
BRDA:94,3,0,28
BRDA:94,3,1,0
BRDA:120,4,0,3
BRDA:120,4,1,0
BRDA:134,5,0,0
BRDA:134,5,1,0
BRF:10
BRH:4
end_of_record
TN:
SF:/home/erkki/paul/projects/joule/contracts/contracts/SellLimit.sol
FN:34,constructor
FN:44,dailySellLimit
FN:79,checkSell
FN:96,remainingAllowance
FN:111,sqrt
FNF:5
FNH:5
FNDA:14,constructor
FNDA:25,dailySellLimit
FNDA:12,checkSell
FNDA:3,remainingAllowance
FNDA:29,sqrt
DA:35,14
DA:48,25
DA:51,24
DA:52,24
DA:55,24
DA:58,24
DA:61,24
DA:62,24
DA:63,24
DA:80,12
DA:81,12
DA:82,12
DA:84,12
DA:86,12
DA:87,10
DA:90,12
DA:101,3
DA:102,3
DA:103,3
DA:104,3
DA:105,2
DA:112,29
DA:113,28
DA:114,28
DA:115,28
DA:116,1038
DA:117,1038
DA:119,28
LF:28
LH:28
BRDA:48,1,0,1
BRDA:48,1,1,24
BRDA:62,2,0,1
BRDA:62,2,1,23
BRDA:63,3,0,23
BRDA:63,3,1,1
BRDA:79,4,0,12
BRDA:79,4,1,0
BRDA:86,5,0,10
BRDA:86,5,1,2
BRDA:104,6,0,1
BRDA:104,6,1,2
BRDA:112,7,0,1
BRDA:112,7,1,28
BRF:14
BRH:13
end_of_record
TN:
SF:/home/erkki/paul/projects/joule/contracts/contracts/StakeSlash.sol
FN:76,constructor
FN:88,requiredStake
FN:101,stake
FN:142,slash
FN:188,withdrawStake
FN:211,isBanned
FN:218,isStaked
FNF:7
FNH:7
FNDA:61,constructor
FNDA:59,requiredStake
FNDA:39,stake
FNDA:14,slash
FNDA:2,withdrawStake
FNDA:42,isBanned
FNDA:9,isStaked
DA:77,61
DA:78,61
DA:79,61
DA:80,61
DA:81,61
DA:89,59
DA:90,59
DA:93,59
DA:94,59
DA:102,39
DA:104,38
DA:105,38
DA:107,37
DA:109,36
DA:110,36
DA:112,35
DA:113,35
DA:115,34
DA:116,34
DA:118,34
DA:120,30
DA:121,30
DA:129,30
DA:130,30
DA:132,30
DA:143,14
DA:144,14
DA:146,14
DA:147,14
DA:149,14
DA:150,14
DA:153,14
DA:154,14
DA:155,14
DA:156,14
DA:157,14
DA:160,14
DA:163,14
DA:164,14
DA:165,14
DA:167,14
DA:168,10
DA:170,3
DA:172,1
DA:176,14
DA:177,14
DA:180,14
DA:181,14
DA:189,2
DA:190,2
DA:192,1
DA:193,1
DA:194,1
DA:196,1
DA:198,1
DA:199,1
DA:200,1
DA:201,1
DA:203,1
DA:205,1
DA:212,42
DA:219,9
DA:220,9
DA:221,2
LF:64
LH:64
BRDA:90,1,0,59
BRDA:90,1,1,0
BRDA:102,2,0,38
BRDA:102,2,1,1
BRDA:104,3,0,38
BRDA:104,3,1,0
BRDA:105,4,0,37
BRDA:105,4,1,1
BRDA:107,5,0,36
BRDA:107,5,1,1
BRDA:110,6,0,35
BRDA:110,6,1,1
BRDA:113,7,0,34
BRDA:113,7,1,1
BRDA:116,8,0,34
BRDA:116,8,1,0
BRDA:142,9,0,14
BRDA:142,9,1,1
BRDA:144,10,0,14
BRDA:144,10,1,0
BRDA:147,11,0,14
BRDA:147,11,1,0
BRDA:167,12,0,10
BRDA:167,12,1,4
BRDA:169,13,0,3
BRDA:169,13,1,1
BRDA:176,14,0,14
BRDA:176,14,1,0
BRDA:190,15,0,1
BRDA:190,15,1,1
BRDA:193,16,0,1
BRDA:193,16,1,0
BRDA:194,17,0,1
BRDA:194,17,1,0
BRDA:220,18,0,7
BRDA:220,18,1,2
BRF:36
BRH:28
end_of_record
TN:
SF:/home/erkki/paul/projects/joule/contracts/contracts/StreamingPayments.sol
FN:55,constructor
FN:60,pause
FN:61,unpause
FN:73,createStream
FN:106,withdrawFromStream
FN:141,stopStream
FN:178,topUpStream
FN:191,_availableBalance
FN:209,getAvailableBalance
FN:216,getRemainingTime
FN:228,getFlowRate
FNF:11
FNH:6
FNDA:19,constructor
FNDA:0,pause
FNDA:0,unpause
FNDA:2,createStream
FNDA:1,withdrawFromStream
FNDA:1,stopStream
FNDA:0,topUpStream
FNDA:3,_availableBalance
FNDA:1,getAvailableBalance
FNDA:0,getRemainingTime
FNDA:0,getFlowRate
DA:56,19
DA:57,19
DA:74,2
DA:75,2
DA:76,2
DA:78,2
DA:79,2
DA:92,2
DA:93,2
DA:94,2
DA:95,2
DA:97,2
DA:99,2
DA:100,2
DA:107,1
DA:108,1
DA:110,1
DA:111,1
DA:114,1
DA:115,1
DA:117,1
DA:118,1
DA:121,1
DA:123,1
DA:124,1
DA:127,1
DA:128,1
DA:131,1
DA:132,0
DA:133,0
DA:134,0
DA:142,1
DA:143,1
DA:144,1
DA:146,1
DA:147,1
DA:148,1
DA:151,1
DA:152,1
DA:155,1
DA:156,1
DA:157,1
DA:158,1
DA:159,1
DA:160,1
DA:162,1
DA:163,1
DA:168,1
DA:169,1
DA:172,1
DA:179,0
DA:180,0
DA:181,0
DA:183,0
DA:184,0
DA:186,0
DA:192,3
DA:193,3
DA:194,3
DA:197,3
DA:200,3
DA:201,3
DA:210,1
DA:217,0
DA:218,0
DA:219,0
DA:220,0
DA:221,0
DA:222,0
DA:229,0
DA:230,0
DA:231,0
DA:232,0
DA:233,0
DA:234,0
DA:237,0
LF:76
LH:54
BRDA:60,1,0,0
BRDA:60,1,1,0
BRDA:61,2,0,0
BRDA:61,2,1,0
BRDA:73,3,0,2
BRDA:73,3,1,0
BRDA:74,4,0,2
BRDA:74,4,1,0
BRDA:75,5,0,2
BRDA:75,5,1,0
BRDA:76,6,0,2
BRDA:76,6,1,0
BRDA:97,7,0,2
BRDA:97,7,1,0
BRDA:106,8,0,1
BRDA:106,8,1,0
BRDA:108,9,0,1
BRDA:108,9,1,0
BRDA:111,10,0,1
BRDA:111,10,1,0
BRDA:121,11,0,1
BRDA:121,11,1,0
BRDA:123,12,0,1
BRDA:123,12,1,0
BRDA:131,13,0,0
BRDA:131,13,1,1
BRDA:141,14,0,1
BRDA:141,14,1,0
BRDA:143,15,0,1
BRDA:143,15,1,0
BRDA:144,16,0,1
BRDA:144,16,1,0
BRDA:144,17,0,1
BRDA:144,17,1,0
BRDA:155,18,0,1
BRDA:155,18,1,0
BRDA:160,19,0,1
BRDA:160,19,1,0
BRDA:162,20,0,1
BRDA:162,20,1,0
BRDA:168,21,0,1
BRDA:168,21,1,0
BRDA:169,22,0,1
BRDA:169,22,1,0
BRDA:178,23,0,0
BRDA:178,23,1,0
BRDA:180,24,0,0
BRDA:180,24,1,0
BRDA:181,25,0,0
BRDA:181,25,1,0
BRDA:184,26,0,0
BRDA:184,26,1,0
BRDA:192,27,0,2
BRDA:192,27,1,1
BRDA:197,28,0,0
BRDA:197,28,1,3
BRDA:200,29,0,0
BRDA:200,29,1,3
BRDA:218,30,0,0
BRDA:218,30,1,0
BRDA:221,31,0,0
BRDA:221,31,1,0
BRDA:233,32,0,0
BRDA:233,32,1,0
BRF:64
BRH:24
end_of_record
TN:
SF:/home/erkki/paul/projects/joule/contracts/contracts/WeatherOracle.sol
FN:70,constructor
FN:87,submitWeather
FN:129,verifyWithWeather
FN:166,calcWeatherMax
FN:197,calcSolarMax
FN:214,calcWindMax
FN:241,calcHydroMax
FN:262,getLatitude
FNF:8
FNH:8
FNDA:58,constructor
FNDA:16,submitWeather
FNDA:23,verifyWithWeather
FNDA:16,calcWeatherMax
FNDA:7,calcSolarMax
FNDA:5,calcWindMax
FNDA:3,calcHydroMax
FNDA:16,getLatitude
DA:71,58
DA:72,58
DA:73,58
DA:88,16
DA:89,15
DA:92,14
DA:93,14
DA:94,14
DA:99,14
DA:100,14
DA:102,13
DA:103,13
DA:114,13
DA:116,13
DA:117,13
DA:135,23
DA:136,23
DA:137,2
DA:138,2
DA:142,21
DA:143,21
DA:145,5
DA:146,5
DA:147,5
DA:148,5
DA:151,16
DA:154,16
DA:156,16
DA:157,16
DA:159,16
DA:170,16
DA:172,16
DA:179,16
DA:181,16
DA:182,7
DA:184,5
DA:186,3
DA:189,1
DA:204,7
DA:218,5
DA:219,3
DA:221,2
DA:222,2
DA:224,1
DA:228,1
DA:229,1
DA:230,1
DA:234,2
DA:246,3
DA:247,3
DA:248,2
DA:250,1
DA:253,0
DA:256,3
DA:263,16
DA:264,16
LF:56
LH:55
BRDA:87,1,0,16
BRDA:87,1,1,1
BRDA:88,2,0,15
BRDA:88,2,1,1
BRDA:89,3,0,14
BRDA:89,3,1,1
BRDA:94,4,0,14
BRDA:94,4,1,0
BRDA:95,5,0,14
BRDA:95,5,1,0
BRDA:100,6,0,13
BRDA:100,6,1,1
BRDA:136,7,0,2
BRDA:136,7,1,21
BRDA:143,8,0,5
BRDA:143,8,1,16
BRDA:181,9,0,7
BRDA:181,9,1,9
BRDA:183,10,0,5
BRDA:183,10,1,4
BRDA:185,11,0,3
BRDA:185,11,1,1
BRDA:218,12,0,2
BRDA:218,12,1,3
BRDA:219,13,0,1
BRDA:219,13,1,2
BRDA:222,14,0,1
BRDA:222,14,1,1
BRDA:247,15,0,2
BRDA:247,15,1,1
BRDA:249,16,0,1
BRDA:249,16,1,0
BRF:32
BRH:29
end_of_record
