{"contracts/AgentWallet.sol":{"l":{"77":19,"78":19,"92":4,"93":4,"94":4,"96":4,"97":4,"115":4,"116":4,"117":4,"119":4,"120":4,"127":4,"128":4,"129":4,"130":4,"131":4,"138":1,"139":1,"140":1,"144":0,"145":0,"146":0,"158":0,"159":0,"160":0,"161":0,"162":0,"163":0,"170":0,"171":0,"172":0,"176":0,"177":0,"184":0,"185":0,"186":0,"187":0,"188":0,"202":4,"203":4,"205":4,"206":4,"207":3,"208":3,"211":2,"212":0,"216":2,"219":2,"221":2,"224":2,"225":2,"226":2,"227":2,"228":2,"229":2,"230":2,"232":2,"235":2,"237":2,"242":2,"243":0,"244":0,"247":2,"248":0,"249":0,"256":0,"257":0,"258":0,"259":0,"263":0,"264":0,"265":0,"266":0,"270":0,"274":0},"path":"/home/erkki/paul/projects/joule/contracts/contracts/AgentWallet.sol","s":{"1":4,"2":4,"3":4,"4":4,"5":4,"6":4,"7":4,"8":4,"9":4,"10":4,"11":4,"12":1,"13":1,"14":0,"15":0,"16":0,"17":0,"18":0,"19":0,"20":0,"21":0,"22":0,"23":0,"24":0,"25":0,"26":4,"27":4,"28":4,"29":4,"30":3,"31":3,"32":2,"33":0,"34":2,"35":2,"36":2,"37":2,"38":2,"39":2,"40":2,"41":2,"42":0,"43":0,"44":0,"45":0,"46":0,"47":0,"48":0,"49":0,"50":0,"51":0,"52":0,"53":0,"54":0,"55":0},"b":{"1":[4,0],"2":[4,0],"3":[4,0],"4":[4,0],"5":[4,0],"6":[4,0],"7":[1,0],"8":[0,0],"9":[0,0],"10":[0,0],"11":[0,0],"12":[0,0],"13":[0,0],"14":[0,0],"15":[0,0],"16":[4,0],"17":[4,0],"18":[3,1],"19":[3,0],"20":[2,1],"21":[0,2],"22":[0,0],"23":[2,0],"24":[2,0],"25":[2,0],"26":[0,2],"27":[0,2],"28":[0,0],"29":[0,0],"30":[0,0],"31":[0,0]},"f":{"1":19,"2":4,"3":4,"4":1,"5":0,"6":0,"7":0,"8":0,"9":0,"10":4,"11":2,"12":0,"13":0,"14":0,"15":0},"fnMap":{"1":{"name":"constructor","line":76,"loc":{"start":{"line":76,"column":4},"end":{"line":79,"column":4}}},"2":{"name":"createWallet","line":86,"loc":{"start":{"line":86,"column":4},"end":{"line":121,"column":4}}},"3":{"name":"fundWallet","line":126,"loc":{"start":{"line":126,"column":4},"end":{"line":132,"column":4}}},"4":{"name":"freezeWallet","line":137,"loc":{"start":{"line":137,"column":4},"end":{"line":141,"column":4}}},"5":{"name":"unfreezeWallet","line":143,"loc":{"start":{"line":143,"column":4},"end":{"line":147,"column":4}}},"6":{"name":"updateLimits","line":152,"loc":{"start":{"line":152,"column":4},"end":{"line":164,"column":4}}},"7":{"name":"setWhitelist","line":169,"loc":{"start":{"line":169,"column":4},"end":{"line":173,"column":4}}},"8":{"name":"setWhitelistEnabled","line":175,"loc":{"start":{"line":175,"column":4},"end":{"line":178,"column":4}}},"9":{"name":"withdrawBalance","line":183,"loc":{"start":{"line":183,"column":4},"end":{"line":189,"column":4}}},"10":{"name":"agentSpend","line":201,"loc":{"start":{"line":197,"column":4},"end":{"line":238,"column":4}}},"11":{"name":"_resetCounters","line":240,"loc":{"start":{"line":240,"column":4},"end":{"line":251,"column":4}}},"12":{"name":"getRemainingDailyBudget","line":255,"loc":{"start":{"line":255,"column":4},"end":{"line":260,"column":4}}},"13":{"name":"getRemainingMonthlyBudget","line":262,"loc":{"start":{"line":262,"column":4},"end":{"line":267,"column":4}}},"14":{"name":"getWalletByAgent","line":269,"loc":{"start":{"line":269,"column":4},"end":{"line":271,"column":4}}},"15":{"name":"getOwnerWallets","line":273,"loc":{"start":{"line":273,"column":4},"end":{"line":275,"column":4}}}},"statementMap":{"1":{"start":{"line":92,"column":8},"end":{"line":92,"column":53}},"2":{"start":{"line":93,"column":8},"end":{"line":93,"column":70}},"3":{"start":{"line":94,"column":8},"end":{"line":94,"column":59}},"4":{"start":{"line":96,"column":8},"end":{"line":96,"column":35}},"5":{"start":{"line":116,"column":8},"end":{"line":116,"column":40}},"6":{"start":{"line":119,"column":8},"end":{"line":119,"column":50}},"7":{"start":{"line":120,"column":8},"end":{"line":120,"column":17}},"8":{"start":{"line":127,"column":8},"end":{"line":127,"column":45}},"9":{"start":{"line":128,"column":8},"end":{"line":128,"column":38}},"10":{"start":{"line":130,"column":8},"end":{"line":130,"column":92}},"11":{"start":{"line":131,"column":8},"end":{"line":131,"column":45}},"12":{"start":{"line":138,"column":8},"end":{"line":138,"column":67}},"13":{"start":{"line":140,"column":8},"end":{"line":140,"column":36}},"14":{"start":{"line":144,"column":8},"end":{"line":144,"column":67}},"15":{"start":{"line":146,"column":8},"end":{"line":146,"column":38}},"16":{"start":{"line":158,"column":8},"end":{"line":158,"column":67}},"17":{"start":{"line":159,"column":8},"end":{"line":159,"column":45}},"18":{"start":{"line":163,"column":8},"end":{"line":163,"column":72}},"19":{"start":{"line":170,"column":8},"end":{"line":170,"column":67}},"20":{"start":{"line":172,"column":8},"end":{"line":172,"column":62}},"21":{"start":{"line":176,"column":8},"end":{"line":176,"column":67}},"22":{"start":{"line":184,"column":8},"end":{"line":184,"column":45}},"23":{"start":{"line":185,"column":8},"end":{"line":185,"column":50}},"24":{"start":{"line":186,"column":8},"end":{"line":186,"column":60}},"25":{"start":{"line":188,"column":8},"end":{"line":188,"column":73}},"26":{"start":{"line":202,"column":8},"end":{"line":202,"column":52}},"27":{"start":{"line":203,"column":8},"end":{"line":203,"column":57}},"28":{"start":{"line":205,"column":8},"end":{"line":205,"column":44}},"29":{"start":{"line":206,"column":8},"end":{"line":206,"column":66}},"30":{"start":{"line":207,"column":8},"end":{"line":207,"column":60}},"31":{"start":{"line":208,"column":8},"end":{"line":208,"column":70}},"32":{"start":{"line":211,"column":8},"end":{"line":211,"column":7321}},"33":{"start":{"line":212,"column":12},"end":{"line":212,"column":73}},"34":{"start":{"line":216,"column":8},"end":{"line":216,"column":24}},"35":{"start":{"line":219,"column":8},"end":{"line":219,"column":80}},"36":{"start":{"line":221,"column":8},"end":{"line":221,"column":86}},"37":{"start":{"line":232,"column":8},"end":{"line":232,"column":66}},"38":{"start":{"line":235,"column":8},"end":{"line":235,"column":67}},"39":{"start":{"line":237,"column":8},"end":{"line":237,"column":54}},"40":{"start":{"line":242,"column":8},"end":{"line":242,"column":8364}},"41":{"start":{"line":247,"column":8},"end":{"line":247,"column":8541}},"42":{"start":{"line":256,"column":8},"end":{"line":256,"column":45}},"43":{"start":{"line":257,"column":8},"end":{"line":257,"column":78}},"44":{"start":{"line":257,"column":56},"end":{"line":257,"column":78}},"45":{"start":{"line":258,"column":8},"end":{"line":258,"column":53}},"46":{"start":{"line":258,"column":45},"end":{"line":258,"column":53}},"47":{"start":{"line":259,"column":8},"end":{"line":259,"column":45}},"48":{"start":{"line":263,"column":8},"end":{"line":263,"column":45}},"49":{"start":{"line":264,"column":8},"end":{"line":264,"column":83}},"50":{"start":{"line":264,"column":59},"end":{"line":264,"column":83}},"51":{"start":{"line":265,"column":8},"end":{"line":265,"column":57}},"52":{"start":{"line":265,"column":49},"end":{"line":265,"column":57}},"53":{"start":{"line":266,"column":8},"end":{"line":266,"column":49}},"54":{"start":{"line":270,"column":8},"end":{"line":270,"column":36}},"55":{"start":{"line":274,"column":8},"end":{"line":274,"column":35}}},"branchMap":{"1":{"line":92,"type":"if","locations":[{"start":{"line":92,"column":8},"end":{"line":92,"column":8}},{"start":{"line":92,"column":8},"end":{"line":92,"column":8}}]},"2":{"line":93,"type":"if","locations":[{"start":{"line":93,"column":8},"end":{"line":93,"column":8}},{"start":{"line":93,"column":8},"end":{"line":93,"column":8}}]},"3":{"line":94,"type":"if","locations":[{"start":{"line":94,"column":8},"end":{"line":94,"column":8}},{"start":{"line":94,"column":8},"end":{"line":94,"column":8}}]},"4":{"line":126,"type":"if","locations":[{"start":{"line":126,"column":69},"end":{"line":126,"column":69}},{"start":{"line":126,"column":69},"end":{"line":126,"column":69}}]},"5":{"line":128,"type":"if","locations":[{"start":{"line":128,"column":8},"end":{"line":128,"column":8}},{"start":{"line":128,"column":8},"end":{"line":128,"column":8}}]},"6":{"line":130,"type":"if","locations":[{"start":{"line":130,"column":8},"end":{"line":130,"column":8}},{"start":{"line":130,"column":8},"end":{"line":130,"column":8}}]},"7":{"line":138,"type":"if","locations":[{"start":{"line":138,"column":8},"end":{"line":138,"column":8}},{"start":{"line":138,"column":8},"end":{"line":138,"column":8}}]},"8":{"line":144,"type":"if","locations":[{"start":{"line":144,"column":8},"end":{"line":144,"column":8}},{"start":{"line":144,"column":8},"end":{"line":144,"column":8}}]},"9":{"line":158,"type":"if","locations":[{"start":{"line":158,"column":8},"end":{"line":158,"column":8}},{"start":{"line":158,"column":8},"end":{"line":158,"column":8}}]},"10":{"line":170,"type":"if","locations":[{"start":{"line":170,"column":8},"end":{"line":170,"column":8}},{"start":{"line":170,"column":8},"end":{"line":170,"column":8}}]},"11":{"line":176,"type":"if","locations":[{"start":{"line":176,"column":8},"end":{"line":176,"column":8}},{"start":{"line":176,"column":8},"end":{"line":176,"column":8}}]},"12":{"line":183,"type":"if","locations":[{"start":{"line":183,"column":74},"end":{"line":183,"column":74}},{"start":{"line":183,"column":74},"end":{"line":183,"column":74}}]},"13":{"line":185,"type":"if","locations":[{"start":{"line":185,"column":8},"end":{"line":185,"column":8}},{"start":{"line":185,"column":8},"end":{"line":185,"column":8}}]},"14":{"line":186,"type":"if","locations":[{"start":{"line":186,"column":8},"end":{"line":186,"column":8}},{"start":{"line":186,"column":8},"end":{"line":186,"column":8}}]},"15":{"line":188,"type":"if","locations":[{"start":{"line":188,"column":8},"end":{"line":188,"column":8}},{"start":{"line":188,"column":8},"end":{"line":188,"column":8}}]},"16":{"line":201,"type":"if","locations":[{"start":{"line":201,"column":15},"end":{"line":201,"column":15}},{"start":{"line":201,"column":15},"end":{"line":201,"column":15}}]},"17":{"line":203,"type":"if","locations":[{"start":{"line":203,"column":8},"end":{"line":203,"column":8}},{"start":{"line":203,"column":8},"end":{"line":203,"column":8}}]},"18":{"line":206,"type":"if","locations":[{"start":{"line":206,"column":8},"end":{"line":206,"column":8}},{"start":{"line":206,"column":8},"end":{"line":206,"column":8}}]},"19":{"line":207,"type":"if","locations":[{"start":{"line":207,"column":8},"end":{"line":207,"column":8}},{"start":{"line":207,"column":8},"end":{"line":207,"column":8}}]},"20":{"line":208,"type":"if","locations":[{"start":{"line":208,"column":8},"end":{"line":208,"column":8}},{"start":{"line":208,"column":8},"end":{"line":208,"column":8}}]},"21":{"line":211,"type":"if","locations":[{"start":{"line":211,"column":8},"end":{"line":211,"column":8}},{"start":{"line":211,"column":8},"end":{"line":211,"column":8}}]},"22":{"line":212,"type":"if","locations":[{"start":{"line":212,"column":12},"end":{"line":212,"column":12}},{"start":{"line":212,"column":12},"end":{"line":212,"column":12}}]},"23":{"line":219,"type":"if","locations":[{"start":{"line":219,"column":8},"end":{"line":219,"column":8}},{"start":{"line":219,"column":8},"end":{"line":219,"column":8}}]},"24":{"line":221,"type":"if","locations":[{"start":{"line":221,"column":8},"end":{"line":221,"column":8}},{"start":{"line":221,"column":8},"end":{"line":221,"column":8}}]},"25":{"line":232,"type":"if","locations":[{"start":{"line":232,"column":8},"end":{"line":232,"column":8}},{"start":{"line":232,"column":8},"end":{"line":232,"column":8}}]},"26":{"line":242,"type":"if","locations":[{"start":{"line":242,"column":8},"end":{"line":242,"column":8}},{"start":{"line":242,"column":8},"end":{"line":242,"column":8}}]},"27":{"line":247,"type":"if","locations":[{"start":{"line":247,"column":8},"end":{"line":247,"column":8}},{"start":{"line":247,"column":8},"end":{"line":247,"column":8}}]},"28":{"line":257,"type":"if","locations":[{"start":{"line":257,"column":8},"end":{"line":257,"column":8}},{"start":{"line":257,"column":8},"end":{"line":257,"column":8}}]},"29":{"line":258,"type":"if","locations":[{"start":{"line":258,"column":8},"end":{"line":258,"column":8}},{"start":{"line":258,"column":8},"end":{"line":258,"column":8}}]},"30":{"line":264,"type":"if","locations":[{"start":{"line":264,"column":8},"end":{"line":264,"column":8}},{"start":{"line":264,"column":8},"end":{"line":264,"column":8}}]},"31":{"line":265,"type":"if","locations":[{"start":{"line":265,"column":8},"end":{"line":265,"column":8}},{"start":{"line":265,"column":8},"end":{"line":265,"column":8}}]}}},"contracts/BridgeLock.sol":{"l":{"53":57,"60":7,"62":6,"63":6,"70":6,"72":6,"84":64,"86":58,"89":58,"90":22,"91":22,"92":22,"93":22,"96":36,"97":36,"98":36,"101":55,"102":54,"104":54,"105":54,"107":54,"110":54,"111":15,"116":15,"117":15,"118":15,"121":14,"122":2,"128":13,"129":13,"130":13,"132":13,"133":13,"135":13,"142":5},"path":"/home/erkki/paul/projects/joule/contracts/contracts/BridgeLock.sol","s":{"1":57,"2":7,"3":6,"4":6,"5":64,"6":58,"7":58,"8":36,"9":36,"10":36,"11":55,"12":54,"13":54,"14":54,"15":15,"16":15,"17":15,"18":15,"19":14,"20":2,"21":13,"22":13,"23":13,"24":5},"b":{"1":[7,0],"2":[6,1],"3":[64,1],"4":[58,6],"5":[22,36],"6":[33,3],"7":[54,1],"8":[54,0],"9":[15,39],"10":[15,0],"11":[14,1],"12":[2,12],"13":[1,1],"14":[13,0]},"f":{"1":57,"2":7,"3":64,"4":15,"5":5},"fnMap":{"1":{"name":"constructor","line":52,"loc":{"start":{"line":52,"column":4},"end":{"line":54,"column":4}}},"2":{"name":"lockJOL","line":59,"loc":{"start":{"line":59,"column":4},"end":{"line":73,"column":4}}},"3":{"name":"confirmUnlock","line":83,"loc":{"start":{"line":78,"column":4},"end":{"line":113,"column":4}}},"4":{"name":"_executeUnlock","line":115,"loc":{"start":{"line":115,"column":4},"end":{"line":136,"column":4}}},"5":{"name":"bridgeTVL","line":141,"loc":{"start":{"line":141,"column":4},"end":{"line":143,"column":4}}}},"statementMap":{"1":{"start":{"line":53,"column":8},"end":{"line":53,"column":44}},"2":{"start":{"line":60,"column":8},"end":{"line":60,"column":44}},"3":{"start":{"line":62,"column":8},"end":{"line":62,"column":37}},"4":{"start":{"line":72,"column":8},"end":{"line":72,"column":53}},"5":{"start":{"line":84,"column":8},"end":{"line":84,"column":70}},"6":{"start":{"line":86,"column":8},"end":{"line":86,"column":61}},"7":{"start":{"line":89,"column":8},"end":{"line":89,"column":2692}},"8":{"start":{"line":96,"column":12},"end":{"line":96,"column":106}},"9":{"start":{"line":97,"column":12},"end":{"line":97,"column":98}},"10":{"start":{"line":98,"column":12},"end":{"line":98,"column":88}},"11":{"start":{"line":101,"column":8},"end":{"line":101,"column":66}},"12":{"start":{"line":102,"column":8},"end":{"line":102,"column":49}},"13":{"start":{"line":107,"column":8},"end":{"line":107,"column":51}},"14":{"start":{"line":110,"column":8},"end":{"line":110,"column":3595}},"15":{"start":{"line":111,"column":12},"end":{"line":111,"column":36}},"16":{"start":{"line":116,"column":8},"end":{"line":116,"column":61}},"17":{"start":{"line":117,"column":8},"end":{"line":117,"column":49}},"18":{"start":{"line":118,"column":8},"end":{"line":118,"column":82}},"19":{"start":{"line":121,"column":8},"end":{"line":121,"column":4006}},"20":{"start":{"line":122,"column":12},"end":{"line":122,"column":4056}},"21":{"start":{"line":132,"column":8},"end":{"line":132,"column":60}},"22":{"start":{"line":133,"column":8},"end":{"line":133,"column":39}},"23":{"start":{"line":135,"column":8},"end":{"line":135,"column":57}},"24":{"start":{"line":142,"column":8},"end":{"line":142,"column":36}}},"branchMap":{"1":{"line":59,"type":"if","locations":[{"start":{"line":59,"column":40},"end":{"line":59,"column":40}},{"start":{"line":59,"column":40},"end":{"line":59,"column":40}}]},"2":{"line":60,"type":"if","locations":[{"start":{"line":60,"column":8},"end":{"line":60,"column":8}},{"start":{"line":60,"column":8},"end":{"line":60,"column":8}}]},"3":{"line":83,"type":"if","locations":[{"start":{"line":83,"column":15},"end":{"line":83,"column":15}},{"start":{"line":83,"column":15},"end":{"line":83,"column":15}}]},"4":{"line":84,"type":"if","locations":[{"start":{"line":84,"column":8},"end":{"line":84,"column":8}},{"start":{"line":84,"column":8},"end":{"line":84,"column":8}}]},"5":{"line":89,"type":"if","locations":[{"start":{"line":89,"column":8},"end":{"line":89,"column":8}},{"start":{"line":89,"column":8},"end":{"line":89,"column":8}}]},"6":{"line":98,"type":"if","locations":[{"start":{"line":98,"column":12},"end":{"line":98,"column":12}},{"start":{"line":98,"column":12},"end":{"line":98,"column":12}}]},"7":{"line":101,"type":"if","locations":[{"start":{"line":101,"column":8},"end":{"line":101,"column":8}},{"start":{"line":101,"column":8},"end":{"line":101,"column":8}}]},"8":{"line":102,"type":"if","locations":[{"start":{"line":102,"column":8},"end":{"line":102,"column":8}},{"start":{"line":102,"column":8},"end":{"line":102,"column":8}}]},"9":{"line":110,"type":"if","locations":[{"start":{"line":110,"column":8},"end":{"line":110,"column":8}},{"start":{"line":110,"column":8},"end":{"line":110,"column":8}}]},"10":{"line":117,"type":"if","locations":[{"start":{"line":117,"column":8},"end":{"line":117,"column":8}},{"start":{"line":117,"column":8},"end":{"line":117,"column":8}}]},"11":{"line":118,"type":"if","locations":[{"start":{"line":118,"column":8},"end":{"line":118,"column":8}},{"start":{"line":118,"column":8},"end":{"line":118,"column":8}}]},"12":{"line":121,"type":"if","locations":[{"start":{"line":121,"column":8},"end":{"line":121,"column":8}},{"start":{"line":121,"column":8},"end":{"line":121,"column":8}}]},"13":{"line":122,"type":"if","locations":[{"start":{"line":122,"column":12},"end":{"line":122,"column":12}},{"start":{"line":122,"column":12},"end":{"line":122,"column":12}}]},"14":{"line":133,"type":"if","locations":[{"start":{"line":133,"column":8},"end":{"line":133,"column":8}},{"start":{"line":133,"column":8},"end":{"line":133,"column":8}}]}}},"contracts/CarbonCredit.sol":{"l":{"66":19,"81":2,"82":2,"85":2,"87":2,"88":2,"103":2,"105":2,"106":2,"107":2,"109":2,"110":2,"119":1,"120":1,"122":1,"123":1,"128":1,"135":0,"136":0,"137":0,"138":0,"145":3,"146":3,"147":1,"157":0,"172":0,"173":0,"180":0},"path":"/home/erkki/paul/projects/joule/contracts/contracts/CarbonCredit.sol","s":{"1":19,"2":2,"3":2,"4":2,"5":2,"6":2,"7":2,"8":2,"9":1,"10":1,"11":1,"12":0,"13":0,"14":3,"15":3,"16":1,"17":0,"18":0,"19":0,"20":0},"b":{"1":[2,0],"2":[2,0],"3":[2,0],"4":[1,0],"5":[1,0],"6":[0,0],"7":[0,0],"8":[1,2],"9":[0,1]},"f":{"1":19,"2":2,"3":1,"4":0,"5":3,"6":0,"7":0,"8":0},"fnMap":{"1":{"name":"constructor","line":65,"loc":{"start":{"line":65,"column":4},"end":{"line":67,"column":4}}},"2":{"name":"issueCredit","line":80,"loc":{"start":{"line":73,"column":4},"end":{"line":111,"column":4}}},"3":{"name":"retireCredit","line":118,"loc":{"start":{"line":118,"column":4},"end":{"line":129,"column":4}}},"4":{"name":"auditCredit","line":134,"loc":{"start":{"line":134,"column":4},"end":{"line":139,"column":4}}},"5":{"name":"_beforeTokenTransfer","line":144,"loc":{"start":{"line":144,"column":4},"end":{"line":149,"column":4}}},"6":{"name":"totalCO2OffsetTonnes","line":156,"loc":{"start":{"line":156,"column":4},"end":{"line":158,"column":4}}},"7":{"name":"getCreditDetails","line":163,"loc":{"start":{"line":163,"column":4},"end":{"line":174,"column":4}}},"8":{"name":"supportsInterface","line":179,"loc":{"start":{"line":179,"column":4},"end":{"line":181,"column":4}}}},"statementMap":{"1":{"start":{"line":66,"column":8},"end":{"line":66,"column":44}},"2":{"start":{"line":81,"column":8},"end":{"line":81,"column":45}},"3":{"start":{"line":82,"column":8},"end":{"line":82,"column":59}},"4":{"start":{"line":85,"column":8},"end":{"line":85,"column":78}},"5":{"start":{"line":87,"column":8},"end":{"line":87,"column":35}},"6":{"start":{"line":103,"column":8},"end":{"line":103,"column":27}},"7":{"start":{"line":109,"column":8},"end":{"line":109,"column":62}},"8":{"start":{"line":110,"column":8},"end":{"line":110,"column":17}},"9":{"start":{"line":119,"column":8},"end":{"line":119,"column":55}},"10":{"start":{"line":120,"column":8},"end":{"line":120,"column":56}},"11":{"start":{"line":128,"column":8},"end":{"line":128,"column":52}},"12":{"start":{"line":135,"column":8},"end":{"line":135,"column":56}},"13":{"start":{"line":138,"column":8},"end":{"line":138,"column":50}},"14":{"start":{"line":145,"column":8},"end":{"line":145,"column":63}},"15":{"start":{"line":146,"column":8},"end":{"line":146,"column":5156}},"16":{"start":{"line":147,"column":12},"end":{"line":147,"column":85}},"17":{"start":{"line":157,"column":8},"end":{"line":157,"column":39}},"18":{"start":{"line":172,"column":8},"end":{"line":172,"column":39}},"19":{"start":{"line":173,"column":8},"end":{"line":173,"column":106}},"20":{"start":{"line":180,"column":8},"end":{"line":180,"column":51}}},"branchMap":{"1":{"line":80,"type":"if","locations":[{"start":{"line":80,"column":15},"end":{"line":80,"column":15}},{"start":{"line":80,"column":15},"end":{"line":80,"column":15}}]},"2":{"line":81,"type":"if","locations":[{"start":{"line":81,"column":8},"end":{"line":81,"column":8}},{"start":{"line":81,"column":8},"end":{"line":81,"column":8}}]},"3":{"line":82,"type":"if","locations":[{"start":{"line":82,"column":8},"end":{"line":82,"column":8}},{"start":{"line":82,"column":8},"end":{"line":82,"column":8}}]},"4":{"line":119,"type":"if","locations":[{"start":{"line":119,"column":8},"end":{"line":119,"column":8}},{"start":{"line":119,"column":8},"end":{"line":119,"column":8}}]},"5":{"line":120,"type":"if","locations":[{"start":{"line":120,"column":8},"end":{"line":120,"column":8}},{"start":{"line":120,"column":8},"end":{"line":120,"column":8}}]},"6":{"line":134,"type":"if","locations":[{"start":{"line":134,"column":70},"end":{"line":134,"column":70}},{"start":{"line":134,"column":70},"end":{"line":134,"column":70}}]},"7":{"line":135,"type":"if","locations":[{"start":{"line":135,"column":8},"end":{"line":135,"column":8}},{"start":{"line":135,"column":8},"end":{"line":135,"column":8}}]},"8":{"line":146,"type":"if","locations":[{"start":{"line":146,"column":8},"end":{"line":146,"column":8}},{"start":{"line":146,"column":8},"end":{"line":146,"column":8}}]},"9":{"line":147,"type":"if","locations":[{"start":{"line":147,"column":12},"end":{"line":147,"column":12}},{"start":{"line":147,"column":12},"end":{"line":147,"column":12}}]}}},"contracts/ConflictScore.sol":{"l":{"79":87,"91":118,"93":118,"94":118,"96":118,"99":118,"100":32,"103":118,"104":118,"105":118,"107":118,"108":29,"111":118,"119":6,"123":124,"124":124,"127":95,"129":94,"130":94,"131":94,"133":6,"134":6,"135":6,"137":6,"138":1,"139":1,"141":5,"144":6,"146":6,"153":122,"154":112,"155":107,"156":83,"157":0,"164":190,"168":196,"169":193,"170":179,"171":114,"172":54,"180":8,"181":8,"182":5,"183":3,"184":1,"192":5,"200":43},"path":"/home/erkki/paul/projects/joule/contracts/contracts/ConflictScore.sol","s":{"1":87,"2":118,"3":118,"4":118,"5":118,"6":118,"7":118,"8":118,"9":6,"10":124,"11":124,"12":29,"13":95,"14":1,"15":94,"16":94,"17":94,"18":88,"19":6,"20":6,"21":6,"22":6,"23":6,"24":122,"25":10,"26":112,"27":5,"28":107,"29":24,"30":83,"31":83,"32":0,"33":190,"34":196,"35":3,"36":193,"37":14,"38":179,"39":65,"40":114,"41":60,"42":54,"43":8,"44":8,"45":3,"46":5,"47":2,"48":3,"49":2,"50":1,"51":5,"52":43},"b":{"1":[118,1],"2":[32,86],"3":[29,89],"4":[29,95],"5":[29,0],"6":[1,94],"7":[88,6],"8":[1,5],"9":[1,5],"10":[10,112],"11":[5,107],"12":[24,83],"13":[83,0],"14":[3,193],"15":[14,179],"16":[65,114],"17":[60,54],"18":[3,5],"19":[2,3],"20":[2,1]},"f":{"1":87,"2":118,"3":6,"4":124,"5":122,"6":190,"7":196,"8":8,"9":5,"10":43},"fnMap":{"1":{"name":"constructor","line":78,"loc":{"start":{"line":78,"column":4},"end":{"line":80,"column":4}}},"2":{"name":"reportViolation","line":89,"loc":{"start":{"line":86,"column":4},"end":{"line":112,"column":4}}},"3":{"name":"applyDecay","line":118,"loc":{"start":{"line":118,"column":4},"end":{"line":120,"column":4}}},"4":{"name":"_applyDecay","line":122,"loc":{"start":{"line":122,"column":4},"end":{"line":147,"column":4}}},"5":{"name":"getPenalty","line":152,"loc":{"start":{"line":152,"column":4},"end":{"line":158,"column":4}}},"6":{"name":"getLevel","line":163,"loc":{"start":{"line":163,"column":4},"end":{"line":165,"column":4}}},"7":{"name":"_getLevel","line":167,"loc":{"start":{"line":167,"column":4},"end":{"line":173,"column":4}}},"8":{"name":"getRewardMultiplier","line":179,"loc":{"start":{"line":179,"column":4},"end":{"line":185,"column":4}}},"9":{"name":"canGovernance","line":191,"loc":{"start":{"line":191,"column":4},"end":{"line":193,"column":4}}},"10":{"name":"canTrade","line":199,"loc":{"start":{"line":199,"column":4},"end":{"line":201,"column":4}}}},"statementMap":{"1":{"start":{"line":79,"column":8},"end":{"line":79,"column":44}},"2":{"start":{"line":91,"column":8},"end":{"line":91,"column":28}},"3":{"start":{"line":93,"column":8},"end":{"line":93,"column":43}},"4":{"start":{"line":94,"column":8},"end":{"line":94,"column":49}},"5":{"start":{"line":96,"column":8},"end":{"line":96,"column":44}},"6":{"start":{"line":99,"column":8},"end":{"line":99,"column":3433}},"7":{"start":{"line":107,"column":8},"end":{"line":107,"column":3682}},"8":{"start":{"line":111,"column":8},"end":{"line":111,"column":86}},"9":{"start":{"line":119,"column":8},"end":{"line":119,"column":28}},"10":{"start":{"line":123,"column":8},"end":{"line":123,"column":49}},"11":{"start":{"line":124,"column":8},"end":{"line":124,"column":59}},"12":{"start":{"line":124,"column":53},"end":{"line":124,"column":59}},"13":{"start":{"line":127,"column":8},"end":{"line":127,"column":48}},"14":{"start":{"line":127,"column":42},"end":{"line":127,"column":48}},"15":{"start":{"line":129,"column":8},"end":{"line":129,"column":62}},"16":{"start":{"line":130,"column":8},"end":{"line":130,"column":48}},"17":{"start":{"line":131,"column":8},"end":{"line":131,"column":32}},"18":{"start":{"line":131,"column":26},"end":{"line":131,"column":32}},"19":{"start":{"line":133,"column":8},"end":{"line":133,"column":42}},"20":{"start":{"line":134,"column":8},"end":{"line":134,"column":63}},"21":{"start":{"line":135,"column":8},"end":{"line":135,"column":48}},"22":{"start":{"line":137,"column":8},"end":{"line":137,"column":4662}},"23":{"start":{"line":146,"column":8},"end":{"line":146,"column":56}},"24":{"start":{"line":153,"column":8},"end":{"line":153,"column":80}},"25":{"start":{"line":153,"column":51},"end":{"line":153,"column":80}},"26":{"start":{"line":154,"column":8},"end":{"line":154,"column":73}},"27":{"start":{"line":154,"column":47},"end":{"line":154,"column":73}},"28":{"start":{"line":155,"column":8},"end":{"line":155,"column":75}},"29":{"start":{"line":155,"column":48},"end":{"line":155,"column":75}},"30":{"start":{"line":156,"column":8},"end":{"line":156,"column":71}},"31":{"start":{"line":156,"column":46},"end":{"line":156,"column":71}},"32":{"start":{"line":157,"column":8},"end":{"line":157,"column":16}},"33":{"start":{"line":164,"column":8},"end":{"line":164,"column":48}},"34":{"start":{"line":168,"column":8},"end":{"line":168,"column":49}},"35":{"start":{"line":168,"column":41},"end":{"line":168,"column":49}},"36":{"start":{"line":169,"column":8},"end":{"line":169,"column":49}},"37":{"start":{"line":169,"column":41},"end":{"line":169,"column":49}},"38":{"start":{"line":170,"column":8},"end":{"line":170,"column":49}},"39":{"start":{"line":170,"column":41},"end":{"line":170,"column":49}},"40":{"start":{"line":171,"column":8},"end":{"line":171,"column":49}},"41":{"start":{"line":171,"column":41},"end":{"line":171,"column":49}},"42":{"start":{"line":172,"column":8},"end":{"line":172,"column":16}},"43":{"start":{"line":180,"column":8},"end":{"line":180,"column":42}},"44":{"start":{"line":181,"column":8},"end":{"line":181,"column":45}},"45":{"start":{"line":181,"column":24},"end":{"line":181,"column":45}},"46":{"start":{"line":182,"column":8},"end":{"line":182,"column":45}},"47":{"start":{"line":182,"column":24},"end":{"line":182,"column":45}},"48":{"start":{"line":183,"column":8},"end":{"line":183,"column":45}},"49":{"start":{"line":183,"column":24},"end":{"line":183,"column":45}},"50":{"start":{"line":184,"column":8},"end":{"line":184,"column":16}},"51":{"start":{"line":192,"column":8},"end":{"line":192,"column":37}},"52":{"start":{"line":200,"column":8},"end":{"line":200,"column":37}}},"branchMap":{"1":{"line":89,"type":"if","locations":[{"start":{"line":89,"column":15},"end":{"line":89,"column":15}},{"start":{"line":89,"column":15},"end":{"line":89,"column":15}}]},"2":{"line":99,"type":"if","locations":[{"start":{"line":99,"column":8},"end":{"line":99,"column":8}},{"start":{"line":99,"column":8},"end":{"line":99,"column":8}}]},"3":{"line":107,"type":"if","locations":[{"start":{"line":107,"column":8},"end":{"line":107,"column":8}},{"start":{"line":107,"column":8},"end":{"line":107,"column":8}}]},"4":{"line":124,"type":"if","locations":[{"start":{"line":124,"column":8},"end":{"line":124,"column":8}},{"start":{"line":124,"column":8},"end":{"line":124,"column":8}}]},"5":{"line":124,"type":"cond-expr","locations":[{"start":{"line":124,"column":12},"end":{"line":124,"column":23}},{"start":{"line":124,"column":28},"end":{"line":124,"column":50}}]},"6":{"line":127,"type":"if","locations":[{"start":{"line":127,"column":8},"end":{"line":127,"column":8}},{"start":{"line":127,"column":8},"end":{"line":127,"column":8}}]},"7":{"line":131,"type":"if","locations":[{"start":{"line":131,"column":8},"end":{"line":131,"column":8}},{"start":{"line":131,"column":8},"end":{"line":131,"column":8}}]},"8":{"line":134,"type":"if","locations":[{"start":{"line":134,"column":41},"end":{"line":134,"column":50}},{"start":{"line":134,"column":54},"end":{"line":134,"column":62}}]},"9":{"line":137,"type":"if","locations":[{"start":{"line":137,"column":8},"end":{"line":137,"column":8}},{"start":{"line":137,"column":8},"end":{"line":137,"column":8}}]},"10":{"line":153,"type":"if","locations":[{"start":{"line":153,"column":8},"end":{"line":153,"column":8}},{"start":{"line":153,"column":8},"end":{"line":153,"column":8}}]},"11":{"line":154,"type":"if","locations":[{"start":{"line":154,"column":8},"end":{"line":154,"column":8}},{"start":{"line":154,"column":8},"end":{"line":154,"column":8}}]},"12":{"line":155,"type":"if","locations":[{"start":{"line":155,"column":8},"end":{"line":155,"column":8}},{"start":{"line":155,"column":8},"end":{"line":155,"column":8}}]},"13":{"line":156,"type":"if","locations":[{"start":{"line":156,"column":8},"end":{"line":156,"column":8}},{"start":{"line":156,"column":8},"end":{"line":156,"column":8}}]},"14":{"line":168,"type":"if","locations":[{"start":{"line":168,"column":8},"end":{"line":168,"column":8}},{"start":{"line":168,"column":8},"end":{"line":168,"column":8}}]},"15":{"line":169,"type":"if","locations":[{"start":{"line":169,"column":8},"end":{"line":169,"column":8}},{"start":{"line":169,"column":8},"end":{"line":169,"column":8}}]},"16":{"line":170,"type":"if","locations":[{"start":{"line":170,"column":8},"end":{"line":170,"column":8}},{"start":{"line":170,"column":8},"end":{"line":170,"column":8}}]},"17":{"line":171,"type":"if","locations":[{"start":{"line":171,"column":8},"end":{"line":171,"column":8}},{"start":{"line":171,"column":8},"end":{"line":171,"column":8}}]},"18":{"line":181,"type":"if","locations":[{"start":{"line":181,"column":8},"end":{"line":181,"column":8}},{"start":{"line":181,"column":8},"end":{"line":181,"column":8}}]},"19":{"line":182,"type":"if","locations":[{"start":{"line":182,"column":8},"end":{"line":182,"column":8}},{"start":{"line":182,"column":8},"end":{"line":182,"column":8}}]},"20":{"line":183,"type":"if","locations":[{"start":{"line":183,"column":8},"end":{"line":183,"column":8}},{"start":{"line":183,"column":8},"end":{"line":183,"column":8}}]}}},"contracts/DEXLiquidity.sol":{"l":{"61":20,"62":20,"63":20,"71":8,"79":7,"90":2,"91":1,"92":1,"93":1,"94":1,"103":7,"104":6,"106":5,"107":5,"109":5,"110":5,"112":5,"114":5,"123":5,"124":4,"126":4,"127":4,"129":4,"130":4,"132":4,"134":4,"142":2,"143":1,"144":1,"146":1,"147":1,"154":2,"161":2},"path":"/home/erkki/paul/projects/joule/contracts/contracts/DEXLiquidity.sol","s":{"1":20,"2":20,"3":8,"4":7,"5":2,"6":1,"7":1,"8":7,"9":6,"10":5,"11":5,"12":5,"13":5,"14":5,"15":4,"16":4,"17":4,"18":4,"19":4,"20":2,"21":1,"22":1,"23":1,"24":1,"25":2,"26":2},"b":{"1":[2,1],"2":[1,1],"3":[7,1],"4":[6,1],"5":[5,1],"6":[5,0],"7":[5,0],"8":[4,1],"9":[4,0],"10":[4,0],"11":[2,1],"12":[1,1],"13":[1,0]},"f":{"1":20,"2":8,"3":7,"4":2,"5":7,"6":5,"7":2,"8":2,"9":2},"fnMap":{"1":{"name":"constructor","line":60,"loc":{"start":{"line":60,"column":4},"end":{"line":64,"column":4}}},"2":{"name":"poolAAllocation","line":70,"loc":{"start":{"line":70,"column":4},"end":{"line":72,"column":4}}},"3":{"name":"poolBAllocation","line":78,"loc":{"start":{"line":78,"column":4},"end":{"line":80,"column":4}}},"4":{"name":"setPoolAddresses","line":89,"loc":{"start":{"line":86,"column":4},"end":{"line":95,"column":4}}},"5":{"name":"provisionPoolA","line":102,"loc":{"start":{"line":102,"column":4},"end":{"line":115,"column":4}}},"6":{"name":"provisionPoolB","line":122,"loc":{"start":{"line":122,"column":4},"end":{"line":135,"column":4}}},"7":{"name":"emergencyWithdraw","line":141,"loc":{"start":{"line":141,"column":4},"end":{"line":148,"column":4}}},"8":{"name":"fullyProvisioned","line":153,"loc":{"start":{"line":153,"column":4},"end":{"line":155,"column":4}}},"9":{"name":"remainingBalance","line":160,"loc":{"start":{"line":160,"column":4},"end":{"line":162,"column":4}}}},"statementMap":{"1":{"start":{"line":61,"column":8},"end":{"line":61,"column":44}},"2":{"start":{"line":62,"column":8},"end":{"line":62,"column":42}},"3":{"start":{"line":71,"column":8},"end":{"line":71,"column":59}},"4":{"start":{"line":79,"column":8},"end":{"line":79,"column":59}},"5":{"start":{"line":90,"column":8},"end":{"line":90,"column":87}},"6":{"start":{"line":93,"column":8},"end":{"line":93,"column":53}},"7":{"start":{"line":94,"column":8},"end":{"line":94,"column":51}},"8":{"start":{"line":103,"column":8},"end":{"line":103,"column":63}},"9":{"start":{"line":104,"column":8},"end":{"line":104,"column":58}},"10":{"start":{"line":106,"column":8},"end":{"line":106,"column":42}},"11":{"start":{"line":107,"column":8},"end":{"line":107,"column":83}},"12":{"start":{"line":112,"column":8},"end":{"line":112,"column":44}},"13":{"start":{"line":114,"column":8},"end":{"line":114,"column":53}},"14":{"start":{"line":123,"column":8},"end":{"line":123,"column":63}},"15":{"start":{"line":124,"column":8},"end":{"line":124,"column":58}},"16":{"start":{"line":126,"column":8},"end":{"line":126,"column":42}},"17":{"start":{"line":127,"column":8},"end":{"line":127,"column":83}},"18":{"start":{"line":132,"column":8},"end":{"line":132,"column":44}},"19":{"start":{"line":134,"column":8},"end":{"line":134,"column":52}},"20":{"start":{"line":142,"column":8},"end":{"line":142,"column":77}},"21":{"start":{"line":143,"column":8},"end":{"line":143,"column":59}},"22":{"start":{"line":144,"column":8},"end":{"line":144,"column":41}},"23":{"start":{"line":146,"column":8},"end":{"line":146,"column":38}},"24":{"start":{"line":147,"column":8},"end":{"line":147,"column":44}},"25":{"start":{"line":154,"column":8},"end":{"line":154,"column":51}},"26":{"start":{"line":161,"column":8},"end":{"line":161,"column":48}}},"branchMap":{"1":{"line":89,"type":"if","locations":[{"start":{"line":89,"column":15},"end":{"line":89,"column":15}},{"start":{"line":89,"column":15},"end":{"line":89,"column":15}}]},"2":{"line":90,"type":"if","locations":[{"start":{"line":90,"column":8},"end":{"line":90,"column":8}},{"start":{"line":90,"column":8},"end":{"line":90,"column":8}}]},"3":{"line":102,"type":"if","locations":[{"start":{"line":102,"column":57},"end":{"line":102,"column":57}},{"start":{"line":102,"column":57},"end":{"line":102,"column":57}}]},"4":{"line":103,"type":"if","locations":[{"start":{"line":103,"column":8},"end":{"line":103,"column":8}},{"start":{"line":103,"column":8},"end":{"line":103,"column":8}}]},"5":{"line":104,"type":"if","locations":[{"start":{"line":104,"column":8},"end":{"line":104,"column":8}},{"start":{"line":104,"column":8},"end":{"line":104,"column":8}}]},"6":{"line":107,"type":"if","locations":[{"start":{"line":107,"column":8},"end":{"line":107,"column":8}},{"start":{"line":107,"column":8},"end":{"line":107,"column":8}}]},"7":{"line":122,"type":"if","locations":[{"start":{"line":122,"column":57},"end":{"line":122,"column":57}},{"start":{"line":122,"column":57},"end":{"line":122,"column":57}}]},"8":{"line":123,"type":"if","locations":[{"start":{"line":123,"column":8},"end":{"line":123,"column":8}},{"start":{"line":123,"column":8},"end":{"line":123,"column":8}}]},"9":{"line":124,"type":"if","locations":[{"start":{"line":124,"column":8},"end":{"line":124,"column":8}},{"start":{"line":124,"column":8},"end":{"line":124,"column":8}}]},"10":{"line":127,"type":"if","locations":[{"start":{"line":127,"column":8},"end":{"line":127,"column":8}},{"start":{"line":127,"column":8},"end":{"line":127,"column":8}}]},"11":{"line":141,"type":"if","locations":[{"start":{"line":141,"column":53},"end":{"line":141,"column":53}},{"start":{"line":141,"column":53},"end":{"line":141,"column":53}}]},"12":{"line":142,"type":"if","locations":[{"start":{"line":142,"column":8},"end":{"line":142,"column":8}},{"start":{"line":142,"column":8},"end":{"line":142,"column":8}}]},"13":{"line":144,"type":"if","locations":[{"start":{"line":144,"column":8},"end":{"line":144,"column":8}},{"start":{"line":144,"column":8},"end":{"line":144,"column":8}}]}}},"contracts/EcosystemTreasury.sol":{"l":{"79":79,"80":79,"91":59,"92":57,"93":57,"94":57,"106":20,"108":19,"109":19,"118":19,"119":19,"126":11,"127":11,"128":10,"130":9,"131":9,"138":8,"139":8,"140":7,"141":6,"143":5,"144":5,"145":5,"147":5,"148":5,"155":3,"168":13,"169":12,"171":12,"173":5,"174":5,"176":5,"185":25,"186":24,"187":23,"188":23,"199":13,"200":11,"202":10,"203":10,"211":10,"212":10,"219":12,"220":12,"221":11,"222":10,"223":3,"225":3,"226":3,"227":3,"229":3,"230":3,"236":5,"240":3,"244":3,"245":6},"path":"/home/erkki/paul/projects/joule/contracts/contracts/EcosystemTreasury.sol","s":{"1":79,"2":59,"3":57,"4":57,"5":20,"6":19,"7":19,"8":19,"9":11,"10":11,"11":10,"12":9,"13":8,"14":8,"15":7,"16":6,"17":5,"18":5,"19":13,"20":12,"21":12,"22":5,"23":5,"24":25,"25":24,"26":23,"27":13,"28":11,"29":10,"30":10,"31":10,"32":12,"33":12,"34":11,"35":10,"36":3,"37":3,"38":3,"39":5,"40":3,"41":3,"42":6},"b":{"1":[59,6],"2":[57,2],"3":[20,5],"4":[19,1],"5":[10,1],"6":[9,1],"7":[8,1],"8":[8,0],"9":[7,1],"10":[6,1],"11":[5,1],"12":[5,0],"13":[3,1],"14":[13,5],"15":[13,0],"16":[12,1],"17":[5,7],"18":[5,0],"19":[25,1],"20":[24,1],"21":[23,1],"22":[13,1],"23":[11,2],"24":[10,1],"25":[12,1],"26":[12,0],"27":[11,1],"28":[10,1],"29":[3,7],"30":[3,0],"31":[3,0],"32":[5,1]},"f":{"1":79,"2":59,"3":20,"4":11,"5":8,"6":3,"7":13,"8":25,"9":13,"10":12,"11":5,"12":3,"13":3},"fnMap":{"1":{"name":"constructor","line":78,"loc":{"start":{"line":78,"column":4},"end":{"line":81,"column":4}}},"2":{"name":"fundTreasury","line":90,"loc":{"start":{"line":90,"column":4},"end":{"line":95,"column":4}}},"3":{"name":"createBounty","line":105,"loc":{"start":{"line":102,"column":4},"end":{"line":120,"column":4}}},"4":{"name":"claimBounty","line":125,"loc":{"start":{"line":125,"column":4},"end":{"line":132,"column":4}}},"5":{"name":"payBounty","line":137,"loc":{"start":{"line":137,"column":4},"end":{"line":149,"column":4}}},"6":{"name":"cancelBounty","line":154,"loc":{"start":{"line":154,"column":4},"end":{"line":156,"column":4}}},"7":{"name":"executeSpend","line":167,"loc":{"start":{"line":163,"column":4},"end":{"line":177,"column":4}}},"8":{"name":"fundInsurance","line":184,"loc":{"start":{"line":184,"column":4},"end":{"line":189,"column":4}}},"9":{"name":"requestInsurancePayout","line":198,"loc":{"start":{"line":194,"column":4},"end":{"line":213,"column":4}}},"10":{"name":"executeInsurancePayout","line":218,"loc":{"start":{"line":218,"column":4},"end":{"line":231,"column":4}}},"11":{"name":"treasuryBalance","line":235,"loc":{"start":{"line":235,"column":4},"end":{"line":237,"column":4}}},"12":{"name":"remainingMintable","line":239,"loc":{"start":{"line":239,"column":4},"end":{"line":241,"column":4}}},"13":{"name":"getActiveBounties","line":243,"loc":{"start":{"line":243,"column":4},"end":{"line":247,"column":4}}}},"statementMap":{"1":{"start":{"line":79,"column":8},"end":{"line":79,"column":44}},"2":{"start":{"line":91,"column":8},"end":{"line":91,"column":77}},"3":{"start":{"line":93,"column":8},"end":{"line":93,"column":44}},"4":{"start":{"line":94,"column":8},"end":{"line":94,"column":49}},"5":{"start":{"line":106,"column":8},"end":{"line":106,"column":42}},"6":{"start":{"line":108,"column":8},"end":{"line":108,"column":35}},"7":{"start":{"line":118,"column":8},"end":{"line":118,"column":53}},"8":{"start":{"line":119,"column":8},"end":{"line":119,"column":17}},"9":{"start":{"line":126,"column":8},"end":{"line":126,"column":46}},"10":{"start":{"line":127,"column":8},"end":{"line":127,"column":38}},"11":{"start":{"line":128,"column":8},"end":{"line":128,"column":60}},"12":{"start":{"line":131,"column":8},"end":{"line":131,"column":49}},"13":{"start":{"line":138,"column":8},"end":{"line":138,"column":46}},"14":{"start":{"line":139,"column":8},"end":{"line":139,"column":56}},"15":{"start":{"line":140,"column":8},"end":{"line":140,"column":39}},"16":{"start":{"line":141,"column":8},"end":{"line":141,"column":126}},"17":{"start":{"line":147,"column":8},"end":{"line":147,"column":75}},"18":{"start":{"line":148,"column":8},"end":{"line":148,"column":57}},"19":{"start":{"line":168,"column":8},"end":{"line":168,"column":42}},"20":{"start":{"line":169,"column":8},"end":{"line":169,"column":59}},"21":{"start":{"line":171,"column":8},"end":{"line":171,"column":99}},"22":{"start":{"line":174,"column":8},"end":{"line":174,"column":73}},"23":{"start":{"line":176,"column":8},"end":{"line":176,"column":59}},"24":{"start":{"line":185,"column":8},"end":{"line":185,"column":84}},"25":{"start":{"line":186,"column":8},"end":{"line":186,"column":85}},"26":{"start":{"line":188,"column":8},"end":{"line":188,"column":55}},"27":{"start":{"line":199,"column":8},"end":{"line":199,"column":76}},"28":{"start":{"line":200,"column":8},"end":{"line":200,"column":60}},"29":{"start":{"line":202,"column":8},"end":{"line":202,"column":38}},"30":{"start":{"line":211,"column":8},"end":{"line":211,"column":65}},"31":{"start":{"line":212,"column":8},"end":{"line":212,"column":17}},"32":{"start":{"line":219,"column":8},"end":{"line":219,"column":61}},"33":{"start":{"line":220,"column":8},"end":{"line":220,"column":49}},"34":{"start":{"line":221,"column":8},"end":{"line":221,"column":49}},"35":{"start":{"line":222,"column":8},"end":{"line":222,"column":95}},"36":{"start":{"line":223,"column":8},"end":{"line":223,"column":75}},"37":{"start":{"line":229,"column":8},"end":{"line":229,"column":79}},"38":{"start":{"line":230,"column":8},"end":{"line":230,"column":72}},"39":{"start":{"line":236,"column":8},"end":{"line":236,"column":48}},"40":{"start":{"line":240,"column":8},"end":{"line":240,"column":41}},"41":{"start":{"line":244,"column":8},"end":{"line":244,"column":8633}},"42":{"start":{"line":245,"column":12},"end":{"line":245,"column":43}}},"branchMap":{"1":{"line":90,"type":"if","locations":[{"start":{"line":90,"column":52},"end":{"line":90,"column":52}},{"start":{"line":90,"column":52},"end":{"line":90,"column":52}}]},"2":{"line":91,"type":"if","locations":[{"start":{"line":91,"column":8},"end":{"line":91,"column":8}},{"start":{"line":91,"column":8},"end":{"line":91,"column":8}}]},"3":{"line":105,"type":"if","locations":[{"start":{"line":105,"column":15},"end":{"line":105,"column":15}},{"start":{"line":105,"column":15},"end":{"line":105,"column":15}}]},"4":{"line":106,"type":"if","locations":[{"start":{"line":106,"column":8},"end":{"line":106,"column":8}},{"start":{"line":106,"column":8},"end":{"line":106,"column":8}}]},"5":{"line":127,"type":"if","locations":[{"start":{"line":127,"column":8},"end":{"line":127,"column":8}},{"start":{"line":127,"column":8},"end":{"line":127,"column":8}}]},"6":{"line":128,"type":"if","locations":[{"start":{"line":128,"column":8},"end":{"line":128,"column":8}},{"start":{"line":128,"column":8},"end":{"line":128,"column":8}}]},"7":{"line":137,"type":"if","locations":[{"start":{"line":137,"column":51},"end":{"line":137,"column":51}},{"start":{"line":137,"column":51},"end":{"line":137,"column":51}}]},"8":{"line":137,"type":"if","locations":[{"start":{"line":137,"column":77},"end":{"line":137,"column":77}},{"start":{"line":137,"column":77},"end":{"line":137,"column":77}}]},"9":{"line":139,"type":"if","locations":[{"start":{"line":139,"column":8},"end":{"line":139,"column":8}},{"start":{"line":139,"column":8},"end":{"line":139,"column":8}}]},"10":{"line":140,"type":"if","locations":[{"start":{"line":140,"column":8},"end":{"line":140,"column":8}},{"start":{"line":140,"column":8},"end":{"line":140,"column":8}}]},"11":{"line":141,"type":"if","locations":[{"start":{"line":141,"column":8},"end":{"line":141,"column":8}},{"start":{"line":141,"column":8},"end":{"line":141,"column":8}}]},"12":{"line":147,"type":"if","locations":[{"start":{"line":147,"column":8},"end":{"line":147,"column":8}},{"start":{"line":147,"column":8},"end":{"line":147,"column":8}}]},"13":{"line":154,"type":"if","locations":[{"start":{"line":154,"column":54},"end":{"line":154,"column":54}},{"start":{"line":154,"column":54},"end":{"line":154,"column":54}}]},"14":{"line":167,"type":"if","locations":[{"start":{"line":167,"column":15},"end":{"line":167,"column":15}},{"start":{"line":167,"column":15},"end":{"line":167,"column":15}}]},"15":{"line":167,"type":"if","locations":[{"start":{"line":167,"column":41},"end":{"line":167,"column":41}},{"start":{"line":167,"column":41},"end":{"line":167,"column":41}}]},"16":{"line":168,"type":"if","locations":[{"start":{"line":168,"column":8},"end":{"line":168,"column":8}},{"start":{"line":168,"column":8},"end":{"line":168,"column":8}}]},"17":{"line":171,"type":"if","locations":[{"start":{"line":171,"column":8},"end":{"line":171,"column":8}},{"start":{"line":171,"column":8},"end":{"line":171,"column":8}}]},"18":{"line":174,"type":"if","locations":[{"start":{"line":174,"column":8},"end":{"line":174,"column":8}},{"start":{"line":174,"column":8},"end":{"line":174,"column":8}}]},"19":{"line":184,"type":"if","locations":[{"start":{"line":184,"column":53},"end":{"line":184,"column":53}},{"start":{"line":184,"column":53},"end":{"line":184,"column":53}}]},"20":{"line":185,"type":"if","locations":[{"start":{"line":185,"column":8},"end":{"line":185,"column":8}},{"start":{"line":185,"column":8},"end":{"line":185,"column":8}}]},"21":{"line":186,"type":"if","locations":[{"start":{"line":186,"column":8},"end":{"line":186,"column":8}},{"start":{"line":186,"column":8},"end":{"line":186,"column":8}}]},"22":{"line":198,"type":"if","locations":[{"start":{"line":198,"column":15},"end":{"line":198,"column":15}},{"start":{"line":198,"column":15},"end":{"line":198,"column":15}}]},"23":{"line":199,"type":"if","locations":[{"start":{"line":199,"column":8},"end":{"line":199,"column":8}},{"start":{"line":199,"column":8},"end":{"line":199,"column":8}}]},"24":{"line":200,"type":"if","locations":[{"start":{"line":200,"column":8},"end":{"line":200,"column":8}},{"start":{"line":200,"column":8},"end":{"line":200,"column":8}}]},"25":{"line":218,"type":"if","locations":[{"start":{"line":218,"column":58},"end":{"line":218,"column":58}},{"start":{"line":218,"column":58},"end":{"line":218,"column":58}}]},"26":{"line":218,"type":"if","locations":[{"start":{"line":218,"column":84},"end":{"line":218,"column":84}},{"start":{"line":218,"column":84},"end":{"line":218,"column":84}}]},"27":{"line":220,"type":"if","locations":[{"start":{"line":220,"column":8},"end":{"line":220,"column":8}},{"start":{"line":220,"column":8},"end":{"line":220,"column":8}}]},"28":{"line":221,"type":"if","locations":[{"start":{"line":221,"column":8},"end":{"line":221,"column":8}},{"start":{"line":221,"column":8},"end":{"line":221,"column":8}}]},"29":{"line":222,"type":"if","locations":[{"start":{"line":222,"column":8},"end":{"line":222,"column":8}},{"start":{"line":222,"column":8},"end":{"line":222,"column":8}}]},"30":{"line":223,"type":"if","locations":[{"start":{"line":223,"column":8},"end":{"line":223,"column":8}},{"start":{"line":223,"column":8},"end":{"line":223,"column":8}}]},"31":{"line":229,"type":"if","locations":[{"start":{"line":229,"column":8},"end":{"line":229,"column":8}},{"start":{"line":229,"column":8},"end":{"line":229,"column":8}}]},"32":{"line":245,"type":"if","locations":[{"start":{"line":245,"column":12},"end":{"line":245,"column":12}},{"start":{"line":245,"column":12},"end":{"line":245,"column":12}}]}}},"contracts/EnergyMarketplace.sol":{"l":{"47":19,"48":19,"49":19,"64":2,"65":2,"68":2,"69":2,"70":2,"73":2,"74":2,"85":2,"86":2,"93":2,"94":2,"95":2,"97":2,"100":2,"101":2,"104":2,"105":2,"106":2,"107":2,"108":2,"111":2,"115":2,"119":2,"121":2,"122":2,"129":0,"130":0,"131":0,"132":0,"133":0,"145":0,"146":0,"147":0},"path":"/home/erkki/paul/projects/joule/contracts/contracts/EnergyMarketplace.sol","s":{"1":19,"2":0,"3":0,"4":2,"5":2,"6":2,"7":2,"8":2,"9":2,"10":2,"11":2,"12":2,"13":2,"14":2,"15":2,"16":2,"17":2,"18":2,"19":2,"20":2,"21":2,"22":2,"23":2,"24":0,"25":0,"26":0,"27":0,"28":0,"29":0,"30":0},"b":{"1":[0,0],"2":[0,0],"3":[2,0],"4":[2,0],"5":[2,0],"6":[2,0],"7":[2,0],"8":[2,0],"9":[2,0],"10":[2,0],"11":[2,0],"12":[0,2],"13":[2,0],"14":[2,0],"15":[0,0],"16":[0,0],"17":[0,0]},"f":{"1":19,"2":0,"3":0,"4":2,"5":2,"6":0,"7":0},"fnMap":{"1":{"name":"constructor","line":46,"loc":{"start":{"line":46,"column":4},"end":{"line":50,"column":4}}},"2":{"name":"pause","line":52,"loc":{"start":{"line":52,"column":4},"end":{"line":52,"column":71}}},"3":{"name":"unpause","line":53,"loc":{"start":{"line":53,"column":4},"end":{"line":53,"column":75}}},"4":{"name":"createListing","line":63,"loc":{"start":{"line":58,"column":4},"end":{"line":87,"column":4}}},"5":{"name":"buy","line":92,"loc":{"start":{"line":92,"column":4},"end":{"line":123,"column":4}}},"6":{"name":"cancelListing","line":128,"loc":{"start":{"line":128,"column":4},"end":{"line":134,"column":4}}},"7":{"name":"getActiveListing","line":138,"loc":{"start":{"line":138,"column":4},"end":{"line":148,"column":4}}}},"statementMap":{"1":{"start":{"line":47,"column":8},"end":{"line":47,"column":44}},"2":{"start":{"line":52,"column":61},"end":{"line":52,"column":68}},"3":{"start":{"line":53,"column":63},"end":{"line":53,"column":72}},"4":{"start":{"line":64,"column":8},"end":{"line":64,"column":36}},"5":{"start":{"line":65,"column":8},"end":{"line":65,"column":46}},"6":{"start":{"line":68,"column":8},"end":{"line":68,"column":2355}},"7":{"start":{"line":69,"column":12},"end":{"line":69,"column":82}},"8":{"start":{"line":70,"column":12},"end":{"line":70,"column":83}},"9":{"start":{"line":73,"column":8},"end":{"line":73,"column":36}},"10":{"start":{"line":85,"column":8},"end":{"line":85,"column":63}},"11":{"start":{"line":86,"column":8},"end":{"line":86,"column":17}},"12":{"start":{"line":93,"column":8},"end":{"line":93,"column":54}},"13":{"start":{"line":94,"column":8},"end":{"line":94,"column":52}},"14":{"start":{"line":95,"column":8},"end":{"line":95,"column":69}},"15":{"start":{"line":97,"column":8},"end":{"line":97,"column":55}},"16":{"start":{"line":100,"column":8},"end":{"line":100,"column":60}},"17":{"start":{"line":101,"column":8},"end":{"line":101,"column":56}},"18":{"start":{"line":105,"column":8},"end":{"line":105,"column":52}},"19":{"start":{"line":111,"column":8},"end":{"line":111,"column":3883}},"20":{"start":{"line":115,"column":8},"end":{"line":115,"column":4027}},"21":{"start":{"line":119,"column":8},"end":{"line":119,"column":32}},"22":{"start":{"line":121,"column":8},"end":{"line":121,"column":67}},"23":{"start":{"line":122,"column":8},"end":{"line":122,"column":34}},"24":{"start":{"line":129,"column":8},"end":{"line":129,"column":54}},"25":{"start":{"line":130,"column":8},"end":{"line":130,"column":58}},"26":{"start":{"line":131,"column":8},"end":{"line":131,"column":44}},"27":{"start":{"line":133,"column":8},"end":{"line":133,"column":41}},"28":{"start":{"line":145,"column":8},"end":{"line":145,"column":41}},"29":{"start":{"line":146,"column":8},"end":{"line":146,"column":38}},"30":{"start":{"line":147,"column":8},"end":{"line":147,"column":72}}},"branchMap":{"1":{"line":52,"type":"if","locations":[{"start":{"line":52,"column":30},"end":{"line":52,"column":30}},{"start":{"line":52,"column":30},"end":{"line":52,"column":30}}]},"2":{"line":53,"type":"if","locations":[{"start":{"line":53,"column":32},"end":{"line":53,"column":32}},{"start":{"line":53,"column":32},"end":{"line":53,"column":32}}]},"3":{"line":63,"type":"if","locations":[{"start":{"line":63,"column":15},"end":{"line":63,"column":15}},{"start":{"line":63,"column":15},"end":{"line":63,"column":15}}]},"4":{"line":64,"type":"if","locations":[{"start":{"line":64,"column":8},"end":{"line":64,"column":8}},{"start":{"line":64,"column":8},"end":{"line":64,"column":8}}]},"5":{"line":65,"type":"if","locations":[{"start":{"line":65,"column":8},"end":{"line":65,"column":8}},{"start":{"line":65,"column":8},"end":{"line":65,"column":8}}]},"6":{"line":68,"type":"if","locations":[{"start":{"line":68,"column":8},"end":{"line":68,"column":8}},{"start":{"line":68,"column":8},"end":{"line":68,"column":8}}]},"7":{"line":70,"type":"if","locations":[{"start":{"line":70,"column":12},"end":{"line":70,"column":12}},{"start":{"line":70,"column":12},"end":{"line":70,"column":12}}]},"8":{"line":92,"type":"if","locations":[{"start":{"line":92,"column":60},"end":{"line":92,"column":60}},{"start":{"line":92,"column":60},"end":{"line":92,"column":60}}]},"9":{"line":92,"type":"if","locations":[{"start":{"line":92,"column":73},"end":{"line":92,"column":73}},{"start":{"line":92,"column":73},"end":{"line":92,"column":73}}]},"10":{"line":94,"type":"if","locations":[{"start":{"line":94,"column":8},"end":{"line":94,"column":8}},{"start":{"line":94,"column":8},"end":{"line":94,"column":8}}]},"11":{"line":95,"type":"if","locations":[{"start":{"line":95,"column":8},"end":{"line":95,"column":8}},{"start":{"line":95,"column":8},"end":{"line":95,"column":8}}]},"12":{"line":105,"type":"if","locations":[{"start":{"line":105,"column":8},"end":{"line":105,"column":8}},{"start":{"line":105,"column":8},"end":{"line":105,"column":8}}]},"13":{"line":111,"type":"if","locations":[{"start":{"line":111,"column":8},"end":{"line":111,"column":8}},{"start":{"line":111,"column":8},"end":{"line":111,"column":8}}]},"14":{"line":115,"type":"if","locations":[{"start":{"line":115,"column":8},"end":{"line":115,"column":8}},{"start":{"line":115,"column":8},"end":{"line":115,"column":8}}]},"15":{"line":130,"type":"if","locations":[{"start":{"line":130,"column":8},"end":{"line":130,"column":8}},{"start":{"line":130,"column":8},"end":{"line":130,"column":8}}]},"16":{"line":131,"type":"if","locations":[{"start":{"line":131,"column":8},"end":{"line":131,"column":8}},{"start":{"line":131,"column":8},"end":{"line":131,"column":8}}]},"17":{"line":146,"type":"if","locations":[{"start":{"line":146,"column":8},"end":{"line":146,"column":8}},{"start":{"line":146,"column":8},"end":{"line":146,"column":8}}]}}},"contracts/EnergyPeg.sol":{"l":{"83":80,"84":80,"100":46,"102":46,"112":46,"114":46,"130":6,"131":6,"134":6,"135":6,"138":6,"139":6,"142":6,"143":6,"146":6,"148":6,"165":0,"166":0,"167":0,"169":0,"172":0,"173":0,"174":0,"175":0,"178":0,"181":0,"182":0,"190":0,"192":0,"193":0,"200":0,"201":0,"202":0,"204":0,"205":0,"214":0,"215":0,"216":0,"217":0,"226":1,"233":0,"234":0,"235":0,"239":0,"243":0},"path":"/home/erkki/paul/projects/joule/contracts/contracts/EnergyPeg.sol","s":{"1":80,"2":0,"3":0,"4":46,"5":46,"6":46,"7":6,"8":6,"9":6,"10":6,"11":6,"12":6,"13":0,"14":0,"15":0,"16":0,"17":0,"18":0,"19":0,"20":0,"21":0,"22":0,"23":0,"24":0,"25":0,"26":0,"27":0,"28":1,"29":0,"30":0,"31":0,"32":0,"33":0,"34":0},"b":{"1":[0,0],"2":[0,0],"3":[46,0],"4":[6,0],"5":[6,0],"6":[6,0],"7":[6,0],"8":[6,0],"9":[0,0],"10":[0,0],"11":[0,0],"12":[0,0],"13":[0,0],"14":[0,0],"15":[0,0],"16":[0,0],"17":[0,0],"18":[0,0]},"f":{"1":80,"2":0,"3":0,"4":46,"5":6,"6":0,"7":0,"8":0,"9":1,"10":0,"11":0,"12":0},"fnMap":{"1":{"name":"constructor","line":82,"loc":{"start":{"line":82,"column":4},"end":{"line":85,"column":4}}},"2":{"name":"pause","line":87,"loc":{"start":{"line":87,"column":4},"end":{"line":87,"column":71}}},"3":{"name":"unpause","line":88,"loc":{"start":{"line":88,"column":4},"end":{"line":88,"column":75}}},"4":{"name":"registerProducer","line":95,"loc":{"start":{"line":95,"column":4},"end":{"line":115,"column":4}}},"5":{"name":"depositEnergy","line":129,"loc":{"start":{"line":126,"column":4},"end":{"line":149,"column":4}}},"6":{"name":"redeemForEnergy","line":164,"loc":{"start":{"line":161,"column":4},"end":{"line":194,"column":4}}},"7":{"name":"fulfillRedemption","line":199,"loc":{"start":{"line":199,"column":4},"end":{"line":206,"column":4}}},"8":{"name":"updatePrice","line":213,"loc":{"start":{"line":213,"column":4},"end":{"line":218,"column":4}}},"9":{"name":"floorPriceUSDCents","line":225,"loc":{"start":{"line":225,"column":4},"end":{"line":227,"column":4}}},"10":{"name":"backingRatio","line":232,"loc":{"start":{"line":232,"column":4},"end":{"line":236,"column":4}}},"11":{"name":"getProducerCount","line":238,"loc":{"start":{"line":238,"column":4},"end":{"line":240,"column":4}}},"12":{"name":"getUserTickets","line":242,"loc":{"start":{"line":242,"column":4},"end":{"line":244,"column":4}}}},"statementMap":{"1":{"start":{"line":83,"column":8},"end":{"line":83,"column":44}},"2":{"start":{"line":87,"column":61},"end":{"line":87,"column":68}},"3":{"start":{"line":88,"column":63},"end":{"line":88,"column":72}},"4":{"start":{"line":100,"column":8},"end":{"line":100,"column":67}},"5":{"start":{"line":112,"column":8},"end":{"line":112,"column":36}},"6":{"start":{"line":114,"column":8},"end":{"line":114,"column":50}},"7":{"start":{"line":130,"column":8},"end":{"line":130,"column":70}},"8":{"start":{"line":131,"column":8},"end":{"line":131,"column":36}},"9":{"start":{"line":134,"column":8},"end":{"line":134,"column":42}},"10":{"start":{"line":135,"column":8},"end":{"line":135,"column":99}},"11":{"start":{"line":146,"column":8},"end":{"line":146,"column":42}},"12":{"start":{"line":148,"column":8},"end":{"line":148,"column":56}},"13":{"start":{"line":165,"column":8},"end":{"line":165,"column":66}},"14":{"start":{"line":166,"column":8},"end":{"line":166,"column":91}},"15":{"start":{"line":167,"column":8},"end":{"line":167,"column":36}},"16":{"start":{"line":169,"column":8},"end":{"line":169,"column":42}},"17":{"start":{"line":178,"column":8},"end":{"line":178,"column":41}},"18":{"start":{"line":181,"column":8},"end":{"line":181,"column":72}},"19":{"start":{"line":190,"column":8},"end":{"line":190,"column":45}},"20":{"start":{"line":192,"column":8},"end":{"line":192,"column":64}},"21":{"start":{"line":193,"column":8},"end":{"line":193,"column":67}},"22":{"start":{"line":200,"column":8},"end":{"line":200,"column":60}},"23":{"start":{"line":201,"column":8},"end":{"line":201,"column":64}},"24":{"start":{"line":202,"column":8},"end":{"line":202,"column":54}},"25":{"start":{"line":205,"column":8},"end":{"line":205,"column":55}},"26":{"start":{"line":214,"column":8},"end":{"line":214,"column":77}},"27":{"start":{"line":217,"column":8},"end":{"line":217,"column":41}},"28":{"start":{"line":226,"column":8},"end":{"line":226,"column":31}},"29":{"start":{"line":233,"column":8},"end":{"line":233,"column":52}},"30":{"start":{"line":234,"column":8},"end":{"line":234,"column":38}},"31":{"start":{"line":234,"column":30},"end":{"line":234,"column":38}},"32":{"start":{"line":235,"column":8},"end":{"line":235,"column":70}},"33":{"start":{"line":239,"column":8},"end":{"line":239,"column":34}},"34":{"start":{"line":243,"column":8},"end":{"line":243,"column":33}}},"branchMap":{"1":{"line":87,"type":"if","locations":[{"start":{"line":87,"column":30},"end":{"line":87,"column":30}},{"start":{"line":87,"column":30},"end":{"line":87,"column":30}}]},"2":{"line":88,"type":"if","locations":[{"start":{"line":88,"column":32},"end":{"line":88,"column":32}},{"start":{"line":88,"column":32},"end":{"line":88,"column":32}}]},"3":{"line":100,"type":"if","locations":[{"start":{"line":100,"column":8},"end":{"line":100,"column":8}},{"start":{"line":100,"column":8},"end":{"line":100,"column":8}}]},"4":{"line":129,"type":"if","locations":[{"start":{"line":129,"column":15},"end":{"line":129,"column":15}},{"start":{"line":129,"column":15},"end":{"line":129,"column":15}}]},"5":{"line":129,"type":"if","locations":[{"start":{"line":129,"column":37},"end":{"line":129,"column":37}},{"start":{"line":129,"column":37},"end":{"line":129,"column":37}}]},"6":{"line":130,"type":"if","locations":[{"start":{"line":130,"column":8},"end":{"line":130,"column":8}},{"start":{"line":130,"column":8},"end":{"line":130,"column":8}}]},"7":{"line":131,"type":"if","locations":[{"start":{"line":131,"column":8},"end":{"line":131,"column":8}},{"start":{"line":131,"column":8},"end":{"line":131,"column":8}}]},"8":{"line":135,"type":"if","locations":[{"start":{"line":135,"column":8},"end":{"line":135,"column":8}},{"start":{"line":135,"column":8},"end":{"line":135,"column":8}}]},"9":{"line":164,"type":"if","locations":[{"start":{"line":164,"column":15},"end":{"line":164,"column":15}},{"start":{"line":164,"column":15},"end":{"line":164,"column":15}}]},"10":{"line":164,"type":"if","locations":[{"start":{"line":164,"column":28},"end":{"line":164,"column":28}},{"start":{"line":164,"column":28},"end":{"line":164,"column":28}}]},"11":{"line":165,"type":"if","locations":[{"start":{"line":165,"column":8},"end":{"line":165,"column":8}},{"start":{"line":165,"column":8},"end":{"line":165,"column":8}}]},"12":{"line":166,"type":"if","locations":[{"start":{"line":166,"column":8},"end":{"line":166,"column":8}},{"start":{"line":166,"column":8},"end":{"line":166,"column":8}}]},"13":{"line":167,"type":"if","locations":[{"start":{"line":167,"column":8},"end":{"line":167,"column":8}},{"start":{"line":167,"column":8},"end":{"line":167,"column":8}}]},"14":{"line":201,"type":"if","locations":[{"start":{"line":201,"column":8},"end":{"line":201,"column":8}},{"start":{"line":201,"column":8},"end":{"line":201,"column":8}}]},"15":{"line":202,"type":"if","locations":[{"start":{"line":202,"column":8},"end":{"line":202,"column":8}},{"start":{"line":202,"column":8},"end":{"line":202,"column":8}}]},"16":{"line":213,"type":"if","locations":[{"start":{"line":213,"column":58},"end":{"line":213,"column":58}},{"start":{"line":213,"column":58},"end":{"line":213,"column":58}}]},"17":{"line":214,"type":"if","locations":[{"start":{"line":214,"column":8},"end":{"line":214,"column":8}},{"start":{"line":214,"column":8},"end":{"line":214,"column":8}}]},"18":{"line":234,"type":"if","locations":[{"start":{"line":234,"column":8},"end":{"line":234,"column":8}},{"start":{"line":234,"column":8},"end":{"line":234,"column":8}}]}}},"contracts/EnergyProofEngine.sol":{"l":{"92":40,"93":40,"94":40,"95":40,"96":40,"97":40,"98":40,"99":40,"100":40,"101":40,"123":9,"128":9,"131":5,"141":5,"142":3,"143":3,"146":3,"147":3,"152":3,"153":3,"154":0,"155":0,"161":3,"162":3,"163":3,"164":0,"165":0,"177":3,"178":3,"179":3,"181":0,"182":0,"183":0,"189":0,"190":0,"191":0,"192":0,"200":0,"201":0,"202":0,"206":0,"209":0,"212":0,"215":0,"216":0,"217":0,"220":0,"223":0,"226":0,"227":0,"229":0,"247":3,"248":3,"249":3,"250":3,"264":5,"278":3,"281":3,"297":2,"298":2,"299":2,"300":2,"301":2,"302":2,"303":2,"304":2,"315":2},"path":"/home/erkki/paul/projects/joule/contracts/contracts/EnergyProofEngine.sol","s":{"1":40,"2":1,"3":0,"4":9,"5":9,"6":5,"7":5,"8":3,"9":3,"10":3,"11":3,"12":3,"13":3,"14":0,"15":0,"16":3,"17":3,"18":3,"19":0,"20":0,"21":3,"22":3,"23":3,"24":0,"25":0,"26":0,"27":0,"28":0,"29":0,"30":0,"31":0,"32":0,"33":0,"34":0,"35":0,"36":0,"37":0,"38":0,"39":0,"40":0,"41":3,"42":3,"43":3,"44":3,"45":2,"46":2},"b":{"1":[1,0],"2":[0,0],"3":[13,0],"4":[12,1],"5":[9,3],"6":[5,4],"7":[3,2],"8":[3,0],"9":[3,0],"10":[3,0],"11":[0,3],"12":[0,3],"13":[3,0],"14":[0,0],"15":[0,0],"16":[0,0]},"f":{"1":40,"2":1,"3":0,"4":9,"5":3,"6":5,"7":3,"8":2,"9":2},"fnMap":{"1":{"name":"constructor","line":80,"loc":{"start":{"line":80,"column":4},"end":{"line":102,"column":4}}},"2":{"name":"pause","line":104,"loc":{"start":{"line":104,"column":4},"end":{"line":104,"column":71}}},"3":{"name":"unpause","line":105,"loc":{"start":{"line":105,"column":4},"end":{"line":105,"column":75}}},"4":{"name":"processReport","line":121,"loc":{"start":{"line":117,"column":4},"end":{"line":236,"column":4}}},"5":{"name":"_reject","line":240,"loc":{"start":{"line":240,"column":4},"end":{"line":251,"column":4}}},"6":{"name":"_getReport","line":253,"loc":{"start":{"line":253,"column":4},"end":{"line":266,"column":4}}},"7":{"name":"isProcessed","line":273,"loc":{"start":{"line":273,"column":4},"end":{"line":282,"column":4}}},"8":{"name":"preflightCheck","line":288,"loc":{"start":{"line":288,"column":4},"end":{"line":305,"column":4}}},"9":{"name":"engineStats","line":310,"loc":{"start":{"line":310,"column":4},"end":{"line":316,"column":4}}}},"statementMap":{"1":{"start":{"line":92,"column":8},"end":{"line":92,"column":44}},"2":{"start":{"line":104,"column":61},"end":{"line":104,"column":68}},"3":{"start":{"line":105,"column":63},"end":{"line":105,"column":72}},"4":{"start":{"line":123,"column":8},"end":{"line":123,"column":4403}},"5":{"start":{"line":128,"column":8},"end":{"line":128,"column":71}},"6":{"start":{"line":131,"column":8},"end":{"line":131,"column":4739}},"7":{"start":{"line":141,"column":8},"end":{"line":141,"column":69}},"8":{"start":{"line":142,"column":8},"end":{"line":142,"column":65}},"9":{"start":{"line":143,"column":8},"end":{"line":143,"column":47}},"10":{"start":{"line":146,"column":8},"end":{"line":146,"column":62}},"11":{"start":{"line":147,"column":8},"end":{"line":147,"column":58}},"12":{"start":{"line":152,"column":8},"end":{"line":152,"column":76}},"13":{"start":{"line":153,"column":8},"end":{"line":153,"column":5602}},"14":{"start":{"line":154,"column":12},"end":{"line":154,"column":78}},"15":{"start":{"line":155,"column":12},"end":{"line":155,"column":18}},"16":{"start":{"line":161,"column":8},"end":{"line":161,"column":43}},"17":{"start":{"line":162,"column":8},"end":{"line":162,"column":84}},"18":{"start":{"line":163,"column":8},"end":{"line":163,"column":6086}},"19":{"start":{"line":164,"column":12},"end":{"line":164,"column":85}},"20":{"start":{"line":165,"column":12},"end":{"line":165,"column":18}},"21":{"start":{"line":177,"column":8},"end":{"line":177,"column":6785}},"22":{"start":{"line":178,"column":12},"end":{"line":178,"column":77}},"23":{"start":{"line":179,"column":12},"end":{"line":179,"column":18}},"24":{"start":{"line":181,"column":8},"end":{"line":181,"column":6944}},"25":{"start":{"line":182,"column":12},"end":{"line":182,"column":76}},"26":{"start":{"line":183,"column":12},"end":{"line":183,"column":18}},"27":{"start":{"line":189,"column":8},"end":{"line":189,"column":64}},"28":{"start":{"line":190,"column":8},"end":{"line":190,"column":7376}},"29":{"start":{"line":191,"column":12},"end":{"line":191,"column":92}},"30":{"start":{"line":192,"column":12},"end":{"line":192,"column":18}},"31":{"start":{"line":200,"column":8},"end":{"line":200,"column":66}},"32":{"start":{"line":201,"column":8},"end":{"line":201,"column":48}},"33":{"start":{"line":202,"column":8},"end":{"line":202,"column":7862}},"34":{"start":{"line":212,"column":8},"end":{"line":212,"column":78}},"35":{"start":{"line":215,"column":8},"end":{"line":215,"column":52}},"36":{"start":{"line":216,"column":8},"end":{"line":216,"column":49}},"37":{"start":{"line":217,"column":8},"end":{"line":217,"column":72}},"38":{"start":{"line":220,"column":8},"end":{"line":220,"column":52}},"39":{"start":{"line":223,"column":8},"end":{"line":223,"column":50}},"40":{"start":{"line":229,"column":8},"end":{"line":229,"column":8848}},"41":{"start":{"line":249,"column":8},"end":{"line":249,"column":66}},"42":{"start":{"line":250,"column":8},"end":{"line":250,"column":65}},"43":{"start":{"line":278,"column":8},"end":{"line":278,"column":10387}},"44":{"start":{"line":281,"column":8},"end":{"line":281,"column":41}},"45":{"start":{"line":297,"column":8},"end":{"line":297,"column":62}},"46":{"start":{"line":315,"column":8},"end":{"line":315,"column":64}}},"branchMap":{"1":{"line":104,"type":"if","locations":[{"start":{"line":104,"column":30},"end":{"line":104,"column":30}},{"start":{"line":104,"column":30},"end":{"line":104,"column":30}}]},"2":{"line":105,"type":"if","locations":[{"start":{"line":105,"column":32},"end":{"line":105,"column":32}},{"start":{"line":105,"column":32},"end":{"line":105,"column":32}}]},"3":{"line":121,"type":"if","locations":[{"start":{"line":121,"column":15},"end":{"line":121,"column":15}},{"start":{"line":121,"column":15},"end":{"line":121,"column":15}}]},"4":{"line":121,"type":"if","locations":[{"start":{"line":121,"column":28},"end":{"line":121,"column":28}},{"start":{"line":121,"column":28},"end":{"line":121,"column":28}}]},"5":{"line":121,"type":"if","locations":[{"start":{"line":121,"column":42},"end":{"line":121,"column":42}},{"start":{"line":121,"column":42},"end":{"line":121,"column":42}}]},"6":{"line":128,"type":"if","locations":[{"start":{"line":128,"column":8},"end":{"line":128,"column":8}},{"start":{"line":128,"column":8},"end":{"line":128,"column":8}}]},"7":{"line":141,"type":"if","locations":[{"start":{"line":141,"column":8},"end":{"line":141,"column":8}},{"start":{"line":141,"column":8},"end":{"line":141,"column":8}}]},"8":{"line":142,"type":"if","locations":[{"start":{"line":142,"column":8},"end":{"line":142,"column":8}},{"start":{"line":142,"column":8},"end":{"line":142,"column":8}}]},"9":{"line":143,"type":"if","locations":[{"start":{"line":143,"column":8},"end":{"line":143,"column":8}},{"start":{"line":143,"column":8},"end":{"line":143,"column":8}}]},"10":{"line":147,"type":"if","locations":[{"start":{"line":147,"column":8},"end":{"line":147,"column":8}},{"start":{"line":147,"column":8},"end":{"line":147,"column":8}}]},"11":{"line":153,"type":"if","locations":[{"start":{"line":153,"column":8},"end":{"line":153,"column":8}},{"start":{"line":153,"column":8},"end":{"line":153,"column":8}}]},"12":{"line":163,"type":"if","locations":[{"start":{"line":163,"column":8},"end":{"line":163,"column":8}},{"start":{"line":163,"column":8},"end":{"line":163,"column":8}}]},"13":{"line":177,"type":"if","locations":[{"start":{"line":177,"column":8},"end":{"line":177,"column":8}},{"start":{"line":177,"column":8},"end":{"line":177,"column":8}}]},"14":{"line":181,"type":"if","locations":[{"start":{"line":181,"column":8},"end":{"line":181,"column":8}},{"start":{"line":181,"column":8},"end":{"line":181,"column":8}}]},"15":{"line":190,"type":"if","locations":[{"start":{"line":190,"column":8},"end":{"line":190,"column":8}},{"start":{"line":190,"column":8},"end":{"line":190,"column":8}}]},"16":{"line":202,"type":"if","locations":[{"start":{"line":202,"column":8},"end":{"line":202,"column":8}},{"start":{"line":202,"column":8},"end":{"line":202,"column":8}}]}}},"contracts/EnergyRegistry.sol":{"l":{"55":231,"69":145,"70":144,"71":144,"73":138,"74":138,"90":138,"91":138,"92":138,"94":138,"95":138,"102":131,"103":131,"104":131,"106":131,"107":131,"108":131,"109":131,"111":131,"123":21,"124":21,"125":21,"126":21,"130":21,"131":21,"133":20,"134":20,"135":20,"137":20,"144":0,"145":0,"146":0,"147":0,"154":4,"155":4,"156":3,"157":3,"158":3,"165":0,"172":74,"179":69},"path":"/home/erkki/paul/projects/joule/contracts/contracts/EnergyRegistry.sol","s":{"1":231,"2":145,"3":144,"4":144,"5":138,"6":138,"7":138,"8":138,"9":131,"10":131,"11":131,"12":131,"13":21,"14":21,"15":21,"16":21,"17":21,"18":21,"19":20,"20":0,"21":0,"22":0,"23":4,"24":4,"25":3,"26":3,"27":0,"28":74,"29":69},"b":{"1":[144,1],"2":[144,0],"3":[138,6],"4":[131,1],"5":[131,0],"6":[131,0],"7":[21,0],"8":[21,0],"9":[21,0],"10":[21,0],"11":[20,1],"12":[0,0],"13":[0,0],"14":[3,1],"15":[3,0]},"f":{"1":231,"2":145,"3":131,"4":21,"5":0,"6":4,"7":0,"8":74,"9":69},"fnMap":{"1":{"name":"constructor","line":54,"loc":{"start":{"line":54,"column":4},"end":{"line":56,"column":4}}},"2":{"name":"registerFacility","line":61,"loc":{"start":{"line":61,"column":4},"end":{"line":96,"column":4}}},"3":{"name":"verifyFacility","line":101,"loc":{"start":{"line":101,"column":4},"end":{"line":112,"column":4}}},"4":{"name":"recordProduction","line":122,"loc":{"start":{"line":117,"column":4},"end":{"line":138,"column":4}}},"5":{"name":"suspendFacility","line":143,"loc":{"start":{"line":143,"column":4},"end":{"line":148,"column":4}}},"6":{"name":"deregisterFacility","line":153,"loc":{"start":{"line":153,"column":4},"end":{"line":159,"column":4}}},"7":{"name":"getFacilityIds","line":164,"loc":{"start":{"line":164,"column":4},"end":{"line":166,"column":4}}},"8":{"name":"isActive","line":171,"loc":{"start":{"line":171,"column":4},"end":{"line":173,"column":4}}},"9":{"name":"facilityOwner","line":178,"loc":{"start":{"line":178,"column":4},"end":{"line":180,"column":4}}}},"statementMap":{"1":{"start":{"line":55,"column":8},"end":{"line":55,"column":44}},"2":{"start":{"line":69,"column":8},"end":{"line":69,"column":55}},"3":{"start":{"line":70,"column":8},"end":{"line":70,"column":61}},"4":{"start":{"line":71,"column":8},"end":{"line":71,"column":69}},"5":{"start":{"line":73,"column":8},"end":{"line":73,"column":37}},"6":{"start":{"line":90,"column":8},"end":{"line":90,"column":43}},"7":{"start":{"line":94,"column":8},"end":{"line":94,"column":67}},"8":{"start":{"line":95,"column":8},"end":{"line":95,"column":17}},"9":{"start":{"line":102,"column":8},"end":{"line":102,"column":44}},"10":{"start":{"line":103,"column":8},"end":{"line":103,"column":47}},"11":{"start":{"line":104,"column":8},"end":{"line":104,"column":74}},"12":{"start":{"line":111,"column":8},"end":{"line":111,"column":46}},"13":{"start":{"line":123,"column":8},"end":{"line":123,"column":44}},"14":{"start":{"line":124,"column":8},"end":{"line":124,"column":67}},"15":{"start":{"line":125,"column":8},"end":{"line":125,"column":59}},"16":{"start":{"line":126,"column":8},"end":{"line":126,"column":62}},"17":{"start":{"line":130,"column":8},"end":{"line":130,"column":81}},"18":{"start":{"line":131,"column":8},"end":{"line":131,"column":68}},"19":{"start":{"line":137,"column":8},"end":{"line":137,"column":68}},"20":{"start":{"line":144,"column":8},"end":{"line":144,"column":44}},"21":{"start":{"line":145,"column":8},"end":{"line":145,"column":67}},"22":{"start":{"line":147,"column":8},"end":{"line":147,"column":44}},"23":{"start":{"line":154,"column":8},"end":{"line":154,"column":44}},"24":{"start":{"line":155,"column":8},"end":{"line":155,"column":50}},"25":{"start":{"line":156,"column":8},"end":{"line":156,"column":79}},"26":{"start":{"line":158,"column":8},"end":{"line":158,"column":38}},"27":{"start":{"line":165,"column":8},"end":{"line":165,"column":38}},"28":{"start":{"line":172,"column":8},"end":{"line":172,"column":64}},"29":{"start":{"line":179,"column":8},"end":{"line":179,"column":36}}},"branchMap":{"1":{"line":69,"type":"if","locations":[{"start":{"line":69,"column":8},"end":{"line":69,"column":8}},{"start":{"line":69,"column":8},"end":{"line":69,"column":8}}]},"2":{"line":70,"type":"if","locations":[{"start":{"line":70,"column":8},"end":{"line":70,"column":8}},{"start":{"line":70,"column":8},"end":{"line":70,"column":8}}]},"3":{"line":71,"type":"if","locations":[{"start":{"line":71,"column":8},"end":{"line":71,"column":8}},{"start":{"line":71,"column":8},"end":{"line":71,"column":8}}]},"4":{"line":101,"type":"if","locations":[{"start":{"line":101,"column":50},"end":{"line":101,"column":50}},{"start":{"line":101,"column":50},"end":{"line":101,"column":50}}]},"5":{"line":103,"type":"if","locations":[{"start":{"line":103,"column":8},"end":{"line":103,"column":8}},{"start":{"line":103,"column":8},"end":{"line":103,"column":8}}]},"6":{"line":104,"type":"if","locations":[{"start":{"line":104,"column":8},"end":{"line":104,"column":8}},{"start":{"line":104,"column":8},"end":{"line":104,"column":8}}]},"7":{"line":122,"type":"if","locations":[{"start":{"line":122,"column":15},"end":{"line":122,"column":15}},{"start":{"line":122,"column":15},"end":{"line":122,"column":15}}]},"8":{"line":124,"type":"if","locations":[{"start":{"line":124,"column":8},"end":{"line":124,"column":8}},{"start":{"line":124,"column":8},"end":{"line":124,"column":8}}]},"9":{"line":125,"type":"if","locations":[{"start":{"line":125,"column":8},"end":{"line":125,"column":8}},{"start":{"line":125,"column":8},"end":{"line":125,"column":8}}]},"10":{"line":126,"type":"if","locations":[{"start":{"line":126,"column":8},"end":{"line":126,"column":8}},{"start":{"line":126,"column":8},"end":{"line":126,"column":8}}]},"11":{"line":131,"type":"if","locations":[{"start":{"line":131,"column":8},"end":{"line":131,"column":8}},{"start":{"line":131,"column":8},"end":{"line":131,"column":8}}]},"12":{"line":143,"type":"if","locations":[{"start":{"line":143,"column":76},"end":{"line":143,"column":76}},{"start":{"line":143,"column":76},"end":{"line":143,"column":76}}]},"13":{"line":145,"type":"if","locations":[{"start":{"line":145,"column":8},"end":{"line":145,"column":8}},{"start":{"line":145,"column":8},"end":{"line":145,"column":8}}]},"14":{"line":155,"type":"if","locations":[{"start":{"line":155,"column":8},"end":{"line":155,"column":8}},{"start":{"line":155,"column":8},"end":{"line":155,"column":8}}]},"15":{"line":156,"type":"if","locations":[{"start":{"line":156,"column":8},"end":{"line":156,"column":8}},{"start":{"line":156,"column":8},"end":{"line":156,"column":8}}]}}},"contracts/FounderSellLimit.sol":{"l":{"37":13,"38":13,"39":13,"46":14,"47":13,"48":13,"49":13,"59":12,"61":11,"62":11,"64":11,"65":11,"66":3,"67":3,"70":8,"73":8,"75":8,"83":16,"84":16,"86":1,"87":1,"90":16,"97":2,"98":2,"99":2,"100":2,"101":0,"108":1,"109":1},"path":"/home/erkki/paul/projects/joule/contracts/contracts/FounderSellLimit.sol","s":{"1":14,"2":13,"3":13,"4":12,"5":11,"6":11,"7":11,"8":11,"9":3,"10":3,"11":8,"12":8,"13":16,"14":16,"15":1,"16":16,"17":2,"18":2,"19":2,"20":2,"21":2,"22":0,"23":1,"24":1},"b":{"1":[13,1],"2":[11,1],"3":[3,8],"4":[1,15],"5":[1,0],"6":[2,0]},"f":{"1":13,"2":14,"3":12,"4":16,"5":2,"6":1},"fnMap":{"1":{"name":"constructor","line":36,"loc":{"start":{"line":36,"column":4},"end":{"line":40,"column":4}}},"2":{"name":"updateDailyVolume","line":45,"loc":{"start":{"line":45,"column":4},"end":{"line":50,"column":4}}},"3":{"name":"sell","line":58,"loc":{"start":{"line":58,"column":4},"end":{"line":76,"column":4}}},"4":{"name":"getDailyLimit","line":82,"loc":{"start":{"line":82,"column":4},"end":{"line":91,"column":4}}},"5":{"name":"remainingToday","line":96,"loc":{"start":{"line":96,"column":4},"end":{"line":102,"column":4}}},"6":{"name":"soldToday","line":107,"loc":{"start":{"line":107,"column":4},"end":{"line":110,"column":4}}}},"statementMap":{"1":{"start":{"line":46,"column":8},"end":{"line":46,"column":63}},"2":{"start":{"line":47,"column":8},"end":{"line":47,"column":48}},"3":{"start":{"line":49,"column":8},"end":{"line":49,"column":47}},"4":{"start":{"line":59,"column":8},"end":{"line":59,"column":52}},"5":{"start":{"line":61,"column":8},"end":{"line":61,"column":48}},"6":{"start":{"line":62,"column":8},"end":{"line":62,"column":44}},"7":{"start":{"line":64,"column":8},"end":{"line":64,"column":55}},"8":{"start":{"line":65,"column":8},"end":{"line":65,"column":2142}},"9":{"start":{"line":66,"column":12},"end":{"lin
[...]
24":1,"25":1,"26":1,"27":1,"28":1,"29":1,"30":1,"31":1,"32":1,"33":1,"34":1,"35":1,"36":1,"37":1,"38":0,"39":0,"40":0,"41":0,"42":0,"43":3,"44":3,"45":3,"46":3,"47":3,"48":0,"49":3,"50":1,"51":0,"52":0,"53":0,"54":0,"55":0,"56":0,"57":0,"58":0,"59":0,"60":0,"61":0,"62":0,"63":0,"64":0},"b":{"1":[0,0],"2":[0,0],"3":[2,0],"4":[2,0],"5":[2,0],"6":[2,0],"7":[2,0],"8":[1,0],"9":[1,0],"10":[1,0],"11":[1,0],"12":[1,0],"13":[0,1],"14":[1,0],"15":[1,0],"16":[1,0],"17":[1,0],"18":[1,0],"19":[1,0],"20":[1,0],"21":[1,0],"22":[1,0],"23":[0,0],"24":[0,0],"25":[0,0],"26":[0,0],"27":[2,1],"28":[0,3],"29":[0,3],"30":[0,0],"31":[0,0],"32":[0,0]},"f":{"1":19,"2":0,"3":0,"4":2,"5":1,"6":1,"7":0,"8":3,"9":1,"10":0,"11":0},"fnMap":{"1":{"name":"constructor","line":55,"loc":{"start":{"line":55,"column":4},"end":{"line":58,"column":4}}},"2":{"name":"pause","line":60,"loc":{"start":{"line":60,"column":4},"end":{"line":60,"column":71}}},"3":{"name":"unpause","line":61,"loc":{"start":{"line":61,"column":4},"end":{"line":61,"column":75}}},"4":{"name":"createStream","line":73,"loc":{"start":{"line":69,"column":4},"end":{"line":101,"column":4}}},"5":{"name":"withdrawFromStream","line":106,"loc":{"start":{"line":106,"column":4},"end":{"line":136,"column":4}}},"6":{"name":"stopStream","line":141,"loc":{"start":{"line":141,"column":4},"end":{"line":173,"column":4}}},"7":{"name":"topUpStream","line":178,"loc":{"start":{"line":178,"column":4},"end":{"line":187,"column":4}}},"8":{"name":"_availableBalance","line":191,"loc":{"start":{"line":191,"column":4},"end":{"line":202,"column":4}}},"9":{"name":"getAvailableBalance","line":209,"loc":{"start":{"line":209,"column":4},"end":{"line":211,"column":4}}},"10":{"name":"getRemainingTime","line":216,"loc":{"start":{"line":216,"column":4},"end":{"line":223,"column":4}}},"11":{"name":"getFlowRate","line":228,"loc":{"start":{"line":228,"column":4},"end":{"line":238,"column":4}}}},"statementMap":{"1":{"start":{"line":56,"column":8},"end":{"line":56,"column":44}},"2":{"start":{"line":60,"column":61},"end":{"line":60,"column":68}},"3":{"start":{"line":61,"column":63},"end":{"line":61,"column":72}},"4":{"start":{"line":74,"column":8},"end":{"line":74,"column":86}},"5":{"start":{"line":75,"column":8},"end":{"line":75,"column":47}},"6":{"start":{"line":76,"column":8},"end":{"line":76,"column":63}},"7":{"start":{"line":78,"column":8},"end":{"line":78,"column":35}},"8":{"start":{"line":92,"column":8},"end":{"line":92,"column":43}},"9":{"start":{"line":93,"column":8},"end":{"line":93,"column":42}},"10":{"start":{"line":97,"column":8},"end":{"line":97,"column":93}},"11":{"start":{"line":99,"column":8},"end":{"line":99,"column":79}},"12":{"start":{"line":100,"column":8},"end":{"line":100,"column":17}},"13":{"start":{"line":107,"column":8},"end":{"line":107,"column":45}},"14":{"start":{"line":108,"column":8},"end":{"line":108,"column":56}},"15":{"start":{"line":110,"column":8},"end":{"line":110,"column":48}},"16":{"start":{"line":111,"column":8},"end":{"line":111,"column":52}},"17":{"start":{"line":114,"column":8},"end":{"line":114,"column":51}},"18":{"start":{"line":115,"column":8},"end":{"line":115,"column":43}},"19":{"start":{"line":121,"column":8},"end":{"line":121,"column":75}},"20":{"start":{"line":123,"column":8},"end":{"line":123,"column":4509}},"21":{"start":{"line":124,"column":12},"end":{"line":124,"column":29}},"22":{"start":{"line":128,"column":8},"end":{"line":128,"column":62}},"23":{"start":{"line":131,"column":8},"end":{"line":131,"column":4723}},"24":{"start":{"line":142,"column":8},"end":{"line":142,"column":45}},"25":{"start":{"line":143,"column":8},"end":{"line":143,"column":38}},"26":{"start":{"line":144,"column":8},"end":{"line":144,"column":84}},"27":{"start":{"line":151,"column":8},"end":{"line":151,"column":51}},"28":{"start":{"line":152,"column":8},"end":{"line":152,"column":69}},"29":{"start":{"line":155,"column":8},"end":{"line":155,"column":5503}},"30":{"start":{"line":156,"column":12},"end":{"line":156,"column":58}},"31":{"start":{"line":157,"column":12},"end":{"line":157,"column":50}},"32":{"start":{"line":160,"column":12},"end":{"line":160,"column":87}},"33":{"start":{"line":162,"column":12},"end":{"line":162,"column":5883}},"34":{"start":{"line":163,"column":16},"end":{"line":163,"column":33}},"35":{"start":{"line":168,"column":8},"end":{"line":168,"column":5988}},"36":{"start":{"line":169,"column":12},"end":{"line":169,"column":85}},"37":{"start":{"line":172,"column":8},"end":{"line":172,"column":65}},"38":{"start":{"line":179,"column":8},"end":{"line":179,"column":45}},"39":{"start":{"line":180,"column":8},"end":{"line":180,"column":38}},"40":{"start":{"line":181,"column":8},"end":{"line":181,"column":52}},"41":{"start":{"line":184,"column":8},"end":{"line":184,"column":92}},"42":{"start":{"line":186,"column":8},"end":{"line":186,"column":47}},"43":{"start":{"line":192,"column":8},"end":{"line":192,"column":65}},"44":{"start":{"line":193,"column":8},"end":{"line":193,"column":47}},"45":{"start":{"line":194,"column":8},"end":{"line":194,"column":55}},"46":{"start":{"line":197,"column":8},"end":{"line":197,"column":60}},"47":{"start":{"line":200,"column":8},"end":{"line":200,"column":48}},"48":{"start":{"line":200,"column":40},"end":{"line":200,"column":48}},"49":{"start":{"line":201,"column":8},"end":{"line":201,"column":40}},"50":{"start":{"line":210,"column":8},"end":{"line":210,"column":52}},"51":{"start":{"line":217,"column":8},"end":{"line":217,"column":45}},"52":{"start":{"line":218,"column":8},"end":{"line":218,"column":31}},"53":{"start":{"line":218,"column":23},"end":{"line":218,"column":31}},"54":{"start":{"line":219,"column":8},"end":{"line":219,"column":55}},"55":{"start":{"line":220,"column":8},"end":{"line":220,"column":50}},"56":{"start":{"line":221,"column":8},"end":{"line":221,"column":41}},"57":{"start":{"line":221,"column":33},"end":{"line":221,"column":41}},"58":{"start":{"line":222,"column":8},"end":{"line":222,"column":53}},"59":{"start":{"line":229,"column":8},"end":{"line":229,"column":62}},"60":{"start":{"line":230,"column":8},"end":{"line":230,"column":25}},"61":{"start":{"line":231,"column":8},"end":{"line":231,"column":8244}},"62":{"start":{"line":232,"column":12},"end":{"line":232,"column":52}},"63":{"start":{"line":233,"column":12},"end":{"line":233,"column":8363}},"64":{"start":{"line":237,"column":8},"end":{"line":237,"column":24}}},"branchMap":{"1":{"line":60,"type":"if","locations":[{"start":{"line":60,"column":30},"end":{"line":60,"column":30}},{"start":{"line":60,"column":30},"end":{"line":60,"column":30}}]},"2":{"line":61,"type":"if","locations":[{"start":{"line":61,"column":32},"end":{"line":61,"column":32}},{"start":{"line":61,"column":32},"end":{"line":61,"column":32}}]},"3":{"line":73,"type":"if","locations":[{"start":{"line":73,"column":15},"end":{"line":73,"column":15}},{"start":{"line":73,"column":15},"end":{"line":73,"column":15}}]},"4":{"line":74,"type":"if","locations":[{"start":{"line":74,"column":8},"end":{"line":74,"column":8}},{"start":{"line":74,"column":8},"end":{"line":74,"column":8}}]},"5":{"line":75,"type":"if","locations":[{"start":{"line":75,"column":8},"end":{"line":75,"column":8}},{"start":{"line":75,"column":8},"end":{"line":75,"column":8}}]},"6":{"line":76,"type":"if","locations":[{"start":{"line":76,"column":8},"end":{"line":76,"column":8}},{"start":{"line":76,"column":8},"end":{"line":76,"column":8}}]},"7":{"line":97,"type":"if","locations":[{"start":{"line":97,"column":8},"end":{"line":97,"column":8}},{"start":{"line":97,"column":8},"end":{"line":97,"column":8}}]},"8":{"line":106,"type":"if","locations":[{"start":{"line":106,"column":60},"end":{"line":106,"column":60}},{"start":{"line":106,"column":60},"end":{"line":106,"column":60}}]},"9":{"line":108,"type":"if","locations":[{"start":{"line":108,"column":8},"end":{"line":108,"column":8}},{"start":{"line":108,"column":8},"end":{"line":108,"column":8}}]},"10":{"line":111,"type":"if","locations":[{"start":{"line":111,"column":8},"end":{"line":111,"column":8}},{"start":{"line":111,"column":8},"end":{"line":111,"column":8}}]},"11":{"line":121,"type":"if","locations":[{"start":{"line":121,"column":8},"end":{"line":121,"column":8}},{"start":{"line":121,"column":8},"end":{"line":121,"column":8}}]},"12":{"line":123,"type":"if","locations":[{"start":{"line":123,"column":8},"end":{"line":123,"column":8}},{"start":{"line":123,"column":8},"end":{"line":123,"column":8}}]},"13":{"line":131,"type":"if","locations":[{"start":{"line":131,"column":8},"end":{"line":131,"column":8}},{"start":{"line":131,"column":8},"end":{"line":131,"column":8}}]},"14":{"line":141,"type":"if","locations":[{"start":{"line":141,"column":52},"end":{"line":141,"column":52}},{"start":{"line":141,"column":52},"end":{"line":141,"column":52}}]},"15":{"line":143,"type":"if","locations":[{"start":{"line":143,"column":8},"end":{"line":143,"column":8}},{"start":{"line":143,"column":8},"end":{"line":143,"column":8}}]},"16":{"line":144,"type":"if","locations":[{"start":{"line":144,"column":8},"end":{"line":144,"column":8}},{"start":{"line":144,"column":8},"end":{"line":144,"column":8}}]},"17":{"line":144,"type":"cond-expr","locations":[{"start":{"line":144,"column":16},"end":{"line":144,"column":37}},{"start":{"line":144,"column":42},"end":{"line":144,"column":65}}]},"18":{"line":155,"type":"if","locations":[{"start":{"line":155,"column":8},"end":{"line":155,"column":8}},{"start":{"line":155,"column":8},"end":{"line":155,"column":8}}]},"19":{"line":160,"type":"if","locations":[{"start":{"line":160,"column":12},"end":{"line":160,"column":12}},{"start":{"line":160,"column":12},"end":{"line":160,"column":12}}]},"20":{"line":162,"type":"if","locations":[{"start":{"line":162,"column":12},"end":{"line":162,"column":12}},{"start":{"line":162,"column":12},"end":{"line":162,"column":12}}]},"21":{"line":168,"type":"if","locations":[{"start":{"line":168,"column":8},"end":{"line":168,"column":8}},{"start":{"line":168,"column":8},"end":{"line":168,"column":8}}]},"22":{"line":169,"type":"if","locations":[{"start":{"line":169,"column":12},"end":{"line":169,"column":12}},{"start":{"line":169,"column":12},"end":{"line":169,"column":12}}]},"23":{"line":178,"type":"if","locations":[{"start":{"line":178,"column":70},"end":{"line":178,"column":70}},{"start":{"line":178,"column":70},"end":{"line":178,"column":70}}]},"24":{"line":180,"type":"if","locations":[{"start":{"line":180,"column":8},"end":{"line":180,"column":8}},{"start":{"line":180,"column":8},"end":{"line":180,"column":8}}]},"25":{"line":181,"type":"if","locations":[{"start":{"line":181,"column":8},"end":{"line":181,"column":8}},{"start":{"line":181,"column":8},"end":{"line":181,"column":8}}]},"26":{"line":184,"type":"if","locations":[{"start":{"line":184,"column":8},"end":{"line":184,"column":8}},{"start":{"line":184,"column":8},"end":{"line":184,"column":8}}]},"27":{"line":192,"type":"if","locations":[{"start":{"line":192,"column":37},"end":{"line":192,"column":51}},{"start":{"line":192,"column":55},"end":{"line":192,"column":64}}]},"28":{"line":197,"type":"if","locations":[{"start":{"line":197,"column":8},"end":{"line":197,"column":8}},{"start":{"line":197,"column":8},"end":{"line":197,"column":8}}]},"29":{"line":200,"type":"if","locations":[{"start":{"line":200,"column":8},"end":{"line":200,"column":8}},{"start":{"line":200,"column":8},"end":{"line":200,"column":8}}]},"30":{"line":218,"type":"if","locations":[{"start":{"line":218,"column":8},"end":{"line":218,"column":8}},{"start":{"line":218,"column":8},"end":{"line":218,"column":8}}]},"31":{"line":221,"type":"if","locations":[{"start":{"line":221,"column":8},"end":{"line":221,"column":8}},{"start":{"line":221,"column":8},"end":{"line":221,"column":8}}]},"32":{"line":233,"type":"if","locations":[{"start":{"line":233,"column":12},"end":{"line":233,"column":12}},{"start":{"line":233,"column":12},"end":{"line":233,"column":12}}]}}},"contracts/WeatherOracle.sol":{"l":{"71":58,"72":58,"73":58,"88":16,"89":15,"92":14,"93":14,"94":14,"99":14,"100":14,"102":13,"103":13,"114":13,"116":13,"117":13,"135":23,"136":23,"137":2,"138":2,"142":21,"143":21,"145":5,"146":5,"147":5,"148":5,"151":16,"154":16,"156":16,"157":16,"159":16,"170":16,"172":16,"179":16,"181":16,"182":7,"184":5,"186":3,"189":1,"204":7,"218":5,"219":3,"221":2,"222":2,"224":1,"228":1,"229":1,"230":1,"234":2,"246":3,"247":3,"248":2,"250":1,"253":0,"256":3,"263":16,"264":16},"path":"/home/erkki/paul/projects/joule/contracts/contracts/WeatherOracle.sol","s":{"1":58,"2":16,"3":15,"4":14,"5":14,"6":14,"7":14,"8":14,"9":13,"10":13,"11":13,"12":23,"13":23,"14":2,"15":2,"16":21,"17":21,"18":5,"19":5,"20":5,"21":5,"22":16,"23":16,"24":16,"25":16,"26":16,"27":16,"28":16,"29":9,"30":4,"31":7,"32":5,"33":2,"34":3,"35":1,"36":2,"37":2,"38":1,"39":1,"40":2,"41":3,"42":3,"43":1,"44":3,"45":16,"46":16},"b":{"1":[16,1],"2":[15,1],"3":[14,1],"4":[14,0],"5":[14,0],"6":[13,1],"7":[2,21],"8":[5,16],"9":[7,9],"10":[5,4],"11":[3,1],"12":[2,3],"13":[1,2],"14":[1,1],"15":[2,1],"16":[1,0]},"f":{"1":58,"2":16,"3":23,"4":16,"5":7,"6":5,"7":3,"8":16},"fnMap":{"1":{"name":"constructor","line":70,"loc":{"start":{"line":70,"column":4},"end":{"line":74,"column":4}}},"2":{"name":"submitWeather","line":87,"loc":{"start":{"line":80,"column":4},"end":{"line":118,"column":4}}},"3":{"name":"verifyWithWeather","line":129,"loc":{"start":{"line":129,"column":4},"end":{"line":160,"column":4}}},"4":{"name":"calcWeatherMax","line":166,"loc":{"start":{"line":166,"column":4},"end":{"line":191,"column":4}}},"5":{"name":"calcSolarMax","line":197,"loc":{"start":{"line":197,"column":4},"end":{"line":205,"column":4}}},"6":{"name":"calcWindMax","line":214,"loc":{"start":{"line":214,"column":4},"end":{"line":235,"column":4}}},"7":{"name":"calcHydroMax","line":241,"loc":{"start":{"line":241,"column":4},"end":{"line":257,"column":4}}},"8":{"name":"getLatitude","line":262,"loc":{"start":{"line":262,"column":4},"end":{"line":265,"column":4}}}},"statementMap":{"1":{"start":{"line":71,"column":8},"end":{"line":71,"column":44}},"2":{"start":{"line":88,"column":8},"end":{"line":88,"column":65}},"3":{"start":{"line":89,"column":8},"end":{"line":89,"column":69}},"4":{"start":{"line":92,"column":8},"end":{"line":92,"column":41}},"5":{"start":{"line":93,"column":8},"end":{"line":93,"column":61}},"6":{"start":{"line":94,"column":8},"end":{"line":94,"column":3743}},"7":{"start":{"line":99,"column":8},"end":{"line":99,"column":87}},"8":{"start":{"line":100,"column":8},"end":{"line":100,"column":52}},"9":{"start":{"line":102,"column":8},"end":{"line":102,"column":36}},"10":{"start":{"line":116,"column":8},"end":{"line":116,"column":58}},"11":{"start":{"line":117,"column":8},"end":{"line":117,"column":17}},"12":{"start":{"line":135,"column":8},"end":{"line":135,"column":83}},"13":{"start":{"line":136,"column":8},"end":{"line":136,"column":5221}},"14":{"start":{"line":137,"column":12},"end":{"line":137,"column":68}},"15":{"start":{"line":138,"column":12},"end":{"line":138,"column":24}},"16":{"start":{"line":142,"column":8},"end":{"line":142,"column":61}},"17":{"start":{"line":143,"column":8},"end":{"line":143,"column":5454}},"18":{"start":{"line":145,"column":12},"end":{"line":145,"column":81}},"19":{"start":{"line":146,"column":12},"end":{"line":146,"column":68}},"20":{"start":{"line":147,"column":12},"end":{"line":147,"column":95}},"21":{"start":{"line":148,"column":12},"end":{"line":148,"column":37}},"22":{"start":{"line":151,"column":8},"end":{"line":151,"column":67}},"23":{"start":{"line":154,"column":8},"end":{"line":154,"column":66}},"24":{"start":{"line":159,"column":8},"end":{"line":159,"column":74}},"25":{"start":{"line":170,"column":8},"end":{"line":170,"column":54}},"26":{"start":{"line":172,"column":8},"end":{"line":172,"column":6549}},"27":{"start":{"line":179,"column":8},"end":{"line":179,"column":78}},"28":{"start":{"line":181,"column":8},"end":{"line":181,"column":6781}},"29":{"start":{"line":183,"column":15},"end":{"line":183,"column":6925}},"30":{"start":{"line":185,"column":15},"end":{"line":185,"column":7055}},"31":{"start":{"line":204,"column":8},"end":{"line":204,"column":102}},"32":{"start":{"line":218,"column":8},"end":{"line":218,"column":46}},"33":{"start":{"line":218,"column":38},"end":{"line":218,"column":46}},"34":{"start":{"line":219,"column":8},"end":{"line":219,"column":47}},"35":{"start":{"line":219,"column":39},"end":{"line":219,"column":47}},"36":{"start":{"line":221,"column":8},"end":{"line":221,"column":22}},"37":{"start":{"line":222,"column":8},"end":{"line":222,"column":8354}},"38":{"start":{"line":228,"column":12},"end":{"line":228,"column":52}},"39":{"start":{"line":229,"column":12},"end":{"line":229,"column":55}},"40":{"start":{"line":234,"column":8},"end":{"line":234,"column":51}},"41":{"start":{"line":246,"column":8},"end":{"line":246,"column":22}},"42":{"start":{"line":247,"column":8},"end":{"line":247,"column":9240}},"43":{"start":{"line":249,"column":15},"end":{"line":249,"column":9326}},"44":{"start":{"line":256,"column":8},"end":{"line":256,"column":67}},"45":{"start":{"line":263,"column":8},"end":{"line":263,"column":78}},"46":{"start":{"line":264,"column":8},"end":{"line":264,"column":18}}},"branchMap":{"1":{"line":87,"type":"if","locations":[{"start":{"line":87,"column":15},"end":{"line":87,"column":15}},{"start":{"line":87,"column":15},"end":{"line":87,"column":15}}]},"2":{"line":88,"type":"if","locations":[{"start":{"line":88,"column":8},"end":{"line":88,"column":8}},{"start":{"line":88,"column":8},"end":{"line":88,"column":8}}]},"3":{"line":89,"type":"if","locations":[{"start":{"line":89,"column":8},"end":{"line":89,"column":8}},{"start":{"line":89,"column":8},"end":{"line":89,"column":8}}]},"4":{"line":94,"type":"if","locations":[{"start":{"line":94,"column":8},"end":{"line":94,"column":8}},{"start":{"line":94,"column":8},"end":{"line":94,"column":8}}]},"5":{"line":95,"type":"cond-expr","locations":[{"start":{"line":95,"column":12},"end":{"line":95,"column":26}},{"start":{"line":95,"column":31},"end":{"line":95,"column":63}}]},"6":{"line":100,"type":"if","locations":[{"start":{"line":100,"column":8},"end":{"line":100,"column":8}},{"start":{"line":100,"column":8},"end":{"line":100,"column":8}}]},"7":{"line":136,"type":"if","locations":[{"start":{"line":136,"column":8},"end":{"line":136,"column":8}},{"start":{"line":136,"column":8},"end":{"line":136,"column":8}}]},"8":{"line":143,"type":"if","locations":[{"start":{"line":143,"column":8},"end":{"line":143,"column":8}},{"start":{"line":143,"column":8},"end":{"line":143,"column":8}}]},"9":{"line":181,"type":"if","locations":[{"start":{"line":181,"column":8},"end":{"line":181,"column":8}},{"start":{"line":181,"column":8},"end":{"line":181,"column":8}}]},"10":{"line":183,"type":"if","locations":[{"start":{"line":183,"column":15},"end":{"line":183,"column":15}},{"start":{"line":183,"column":15},"end":{"line":183,"column":15}}]},"11":{"line":185,"type":"if","locations":[{"start":{"line":185,"column":15},"end":{"line":185,"column":15}},{"start":{"line":185,"column":15},"end":{"line":185,"column":15}}]},"12":{"line":218,"type":"if","locations":[{"start":{"line":218,"column":8},"end":{"line":218,"column":8}},{"start":{"line":218,"column":8},"end":{"line":218,"column":8}}]},"13":{"line":219,"type":"if","locations":[{"start":{"line":219,"column":8},"end":{"line":219,"column":8}},{"start":{"line":219,"column":8},"end":{"line":219,"column":8}}]},"14":{"line":222,"type":"if","locations":[{"start":{"line":222,"column":8},"end":{"line":222,"column":8}},{"start":{"line":222,"column":8},"end":{"line":222,"column":8}}]},"15":{"line":247,"type":"if","locations":[{"start":{"line":247,"column":8},"end":{"line":247,"column":8}},{"start":{"line":247,"column":8},"end":{"line":247,"column":8}}]},"16":{"line":249,"type":"if","locations":[{"start":{"line":249,"column":15},"end":{"line":249,"column":15}},{"start":{"line":249,"column":15},"end":{"line":249,"column":15}}]}}}}